#
# There is insufficient memory for the Java Runtime Environment to continue.
# Native memory allocation (malloc) failed to allocate 519184 bytes. Error detail: Chunk::new
# Possible reasons:
#   The system is out of physical RAM or swap space
#   This process is running with CompressedOops enabled, and the Java Heap may be blocking the growth of the native heap
# Possible solutions:
#   Reduce memory load on the system
#   Increase physical memory or swap space
#   Check if swap backing store is full
#   Decrease Java heap size (-Xmx/-Xms)
#   Decrease number of Java threads
#   Decrease Java thread stack sizes (-Xss)
#   Set larger code cache with -XX:ReservedCodeCacheSize=
#   JVM is running with Unscaled Compressed Oops mode in which the Java heap is
#     placed in the first 4GB address space. The Java Heap base address is the
#     maximum limit for the native heap growth. Please use -XX:HeapBaseMinAddress
#     to set the Java Heap base and to place the Java Heap above 4GB virtual address.
# This output file may be truncated or incomplete.
#
#  Out of Memory Error (arena.cpp:162), pid=6380, tid=15504
#
# JRE version: OpenJDK Runtime Environment (24.0.2+12) (build 24.0.2+12-54)
# Java VM: OpenJDK 64-Bit Server VM (24.0.2+12-54, mixed mode, sharing, tiered, compressed oops, compressed class ptrs, g1 gc, windows-amd64)
# No core dump will be written. Minidumps are not enabled by default on client versions of Windows
#

---------------  S U M M A R Y ------------

Command Line: -javaagent:C:\Users\Felipe\AppData\Local\JetBrains\IdeaIC2025.1\captureAgent\debugger-agent.jar=file:///C:/Users/Felipe/AppData/Local/Temp/capture15614706923195677065.props -ea -DnodeNamesHandler=org.jetbrains.plugins.cucumber.java.run.CucumberTestTreeNodeManager -Didea.test.cyclic.buffer.size=1048576 -javaagent:C:\Program Files\JetBrains\IntelliJ IDEA Community Edition 2025.1.1.1\lib\idea_rt.jar=55812 -Dkotlinx.coroutines.debug.enable.creation.stack.trace=false -Ddebugger.agent.enable.coroutines=true -Dkotlinx.coroutines.debug.enable.flows.stack.trace=true -Dkotlinx.coroutines.debug.enable.mutable.state.flows.stack.trace=true -Dfile.encoding=UTF-8 -Dsun.stdout.encoding=UTF-8 -Dsun.stderr.encoding=UTF-8 com.intellij.rt.junit.JUnitStarter -ideVersion5 -junit4 runner.RunnerTest

Host: Intel(R) Core(TM) i3-6006U CPU @ 2.00GHz, 4 cores, 7G,  Windows 11 , 64 bit Build 26100 (10.0.26100.1591)
Time: Thu Oct 30 17:10:03 2025 Hora oficial do Brasil elapsed time: 0.721807 seconds (0d 0h 0m 0s)

---------------  T H R E A D  ---------------

Current thread (0x0000017af43387e0):  JavaThread "C2 CompilerThread1" daemon [_thread_in_native, id=15504, stack(0x0000001042a00000,0x0000001042b00000) (1024K)]


Current CompileTask:
C2:721  419 %     4       java.lang.StringCoding::countPositives @ 7 (33 bytes)

Stack: [0x0000001042a00000,0x0000001042b00000]
Native frames: (J=compiled Java code, j=interpreted, Vv=VM code, C=native code)
V  [jvm.dll+0x730829]  (no source info available)
V  [jvm.dll+0x8d9da3]  (no source info available)
V  [jvm.dll+0x8dc28d]  (no source info available)
V  [jvm.dll+0x8dc903]  (no source info available)
V  [jvm.dll+0x2a9f56]  (no source info available)
V  [jvm.dll+0xced7f]  (no source info available)
V  [jvm.dll+0xcefdf]  (no source info available)
V  [jvm.dll+0x154c83]  (no source info available)
V  [jvm.dll+0x73604f]  (no source info available)
V  [jvm.dll+0x26f8dc]  (no source info available)
V  [jvm.dll+0x26e8ff]  (no source info available)
V  [jvm.dll+0x1e9c90]  (no source info available)
V  [jvm.dll+0x27e0cb]  (no source info available)
V  [jvm.dll+0x27c36a]  (no source info available)
V  [jvm.dll+0x42f396]  (no source info available)
V  [jvm.dll+0x87d9eb]  (no source info available)
V  [jvm.dll+0x72ef45]  (no source info available)
C  [ucrtbase.dll+0x14ea0]  (no source info available)
C  [KERNEL32.DLL+0x2dbe7]  (no source info available)
C  [ntdll.dll+0x85a6c]  (no source info available)

Lock stack of current Java thread (top to bottom):


---------------  P R O C E S S  ---------------

Threads class SMR info:
_java_thread_list=0x0000017aae7e42d0, length=14, elements={
0x0000017a91f81170, 0x0000017aae4b9d00, 0x0000017aae4baa30, 0x0000017aae4c2310,
0x0000017aae4c2e40, 0x0000017aae4cb980, 0x0000017aae6001c0, 0x0000017aae604770,
0x0000017aae606840, 0x0000017aae7edf80, 0x0000017aae8977f0, 0x0000017af41226a0,
0x0000017af4115300, 0x0000017af43387e0
}

Java Threads: ( => current thread )
  0x0000017a91f81170 JavaThread "main"                              [_thread_in_vm, id=17288, stack(0x0000001041600000,0x0000001041700000) (1024K)]
  0x0000017aae4b9d00 JavaThread "Reference Handler"          daemon [_thread_blocked, id=1848, stack(0x0000001041e00000,0x0000001041f00000) (1024K)]
  0x0000017aae4baa30 JavaThread "Finalizer"                  daemon [_thread_blocked, id=10920, stack(0x0000001041f00000,0x0000001042000000) (1024K)]
  0x0000017aae4c2310 JavaThread "Signal Dispatcher"          daemon [_thread_blocked, id=16360, stack(0x0000001042000000,0x0000001042100000) (1024K)]
  0x0000017aae4c2e40 JavaThread "Attach Listener"            daemon [_thread_blocked, id=4016, stack(0x0000001042100000,0x0000001042200000) (1024K)]
  0x0000017aae4cb980 JavaThread "Service Thread"             daemon [_thread_blocked, id=14212, stack(0x0000001042200000,0x0000001042300000) (1024K)]
  0x0000017aae6001c0 JavaThread "Monitor Deflation Thread"   daemon [_thread_blocked, id=1624, stack(0x0000001042300000,0x0000001042400000) (1024K)]
  0x0000017aae604770 JavaThread "C2 CompilerThread0"         daemon [_thread_in_native, id=11464, stack(0x0000001042400000,0x0000001042500000) (1024K)]
  0x0000017aae606840 JavaThread "C1 CompilerThread0"         daemon [_thread_blocked, id=14768, stack(0x0000001042500000,0x0000001042600000) (1024K)]
  0x0000017aae7edf80 JavaThread "Common-Cleaner"             daemon [_thread_blocked, id=9368, stack(0x0000001042600000,0x0000001042700000) (1024K)]
  0x0000017aae8977f0 JavaThread "IntelliJ Suspend Helper"    daemon [_thread_blocked, id=2916, stack(0x0000001042700000,0x0000001042800000) (1024K)]
  0x0000017af41226a0 JavaThread "Monitor Ctrl-Break"         daemon [_thread_in_native, id=976, stack(0x0000001042800000,0x0000001042900000) (1024K)]
  0x0000017af4115300 JavaThread "Notification Thread"        daemon [_thread_blocked, id=4004, stack(0x0000001042900000,0x0000001042a00000) (1024K)]
=>0x0000017af43387e0 JavaThread "C2 CompilerThread1"         daemon [_thread_in_native, id=15504, stack(0x0000001042a00000,0x0000001042b00000) (1024K)]
Total: 14

Other Threads:
  0x0000017aae4a9760 VMThread "VM Thread"                           [id=1616, stack(0x0000001041d00000,0x0000001041e00000) (1024K)]
  0x0000017aae49b240 WatcherThread "VM Periodic Task Thread"        [id=3900, stack(0x0000001041c00000,0x0000001041d00000) (1024K)]
  0x0000017a91fd8e40 WorkerThread "GC Thread#0"                     [id=9444, stack(0x0000001041700000,0x0000001041800000) (1024K)]
  0x0000017a8fdae620 ConcurrentGCThread "G1 Main Marker"            [id=12624, stack(0x0000001041800000,0x0000001041900000) (1024K)]
  0x0000017a91feb230 WorkerThread "G1 Conc#0"                       [id=5460, stack(0x0000001041900000,0x0000001041a00000) (1024K)]
  0x0000017a9202dd60 ConcurrentGCThread "G1 Refine#0"               [id=1456, stack(0x0000001041a00000,0x0000001041b00000) (1024K)]
  0x0000017a9202e690 ConcurrentGCThread "G1 Service"                [id=2248, stack(0x0000001041b00000,0x0000001041c00000) (1024K)]
Total: 7

Threads with active compile tasks:
C2 CompilerThread0  908  457 %     4       java.util.jar.Manifest$FastInputStream::readLine @ 86 (296 bytes)
C2 CompilerThread1  908  419 %     4       java.lang.StringCoding::countPositives @ 7 (33 bytes)
Total: 2

VM state: not at safepoint (normal execution)

VM Mutex/Monitor currently owned by a thread: None

Heap address: 0x0000000081e00000, size: 2018 MB, Compressed Oops mode: 32-bit

CDS archive(s) mapped at: [0x0000017aaf000000-0x0000017aafd40000-0x0000017aafd40000), size 13893632, SharedBaseAddress: 0x0000017aaf000000, ArchiveRelocationMode: 1.
Compressed class space mapped at: 0x0000017ab0000000-0x0000017af0000000, reserved size: 1073741824
UseCompressedClassPointers 1, UseCompactObjectHeaders 0
Narrow klass pointer bits 32, Max shift 3
Narrow klass base: 0x0000017aaf000000, Narrow klass shift: 0
Encoding Range: [0x0000017aaf000000 - 0x0000017baf000000), (4294967296 bytes)
Klass Range:    [0x0000017aaf000000 - 0x0000017af0000000), (1090519040 bytes)
Klass ID Range:  [8 - 1090519033) (1090519025)

GC Precious Log:
 CardTable entry size: 512
 Card Set container configuration: InlinePtr #cards 5 size 8 Array Of Cards #cards 10 size 36 Howl #buckets 4 coarsen threshold 1843 Howl Bitmap #cards 512 size 80 coarsen threshold 460 Card regions per heap region 1 cards per card region 2048
 CPUs: 4 total, 4 available
 Memory: 8067M
 Large Page Support: Disabled
 NUMA Support: Disabled
 Compressed Oops: Enabled (32-bit)
 Heap Region Size: 1M
 Heap Min Capacity: 8M
 Heap Initial Capacity: 128M
 Heap Max Capacity: 2018M
 Pre-touch: Disabled
 Parallel Workers: 4
 Concurrent Workers: 1
 Concurrent Refinement Workers: 4
 Periodic GC: Disabled

Heap:
 garbage-first heap   total reserved 2066432K, committed 133120K, used 11376K [0x0000000081e00000, 0x0000000100000000)
  region size 1024K, 10 young (10240K), 0 survivors (0K)
 Metaspace       used 2860K, committed 3008K, reserved 1114112K
  class space    used 204K, committed 256K, reserved 1048576K

Heap Regions: E=young(eden), S=young(survivor), O=old, HS=humongous(starts), HC=humongous(continues), CS=collection set, F=free, TAMS=top-at-mark-start, PB=parsable bottom
|   0|0x0000000081e00000, 0x0000000081f00000, 0x0000000081f00000|100%|HS|  |TAMS 0x0000000081e00000| PB 0x0000000081e00000| Complete |  0
|   1|0x0000000081f00000, 0x0000000081f00000, 0x0000000082000000|  0%| F|  |TAMS 0x0000000081f00000| PB 0x0000000081f00000| Untracked |  0
|   2|0x0000000082000000, 0x0000000082000000, 0x0000000082100000|  0%| F|  |TAMS 0x0000000082000000| PB 0x0000000082000000| Untracked |  0
|   3|0x0000000082100000, 0x0000000082100000, 0x0000000082200000|  0%| F|  |TAMS 0x0000000082100000| PB 0x0000000082100000| Untracked |  0
|   4|0x0000000082200000, 0x0000000082200000, 0x0000000082300000|  0%| F|  |TAMS 0x0000000082200000| PB 0x0000000082200000| Untracked |  0
|   5|0x0000000082300000, 0x0000000082300000, 0x0000000082400000|  0%| F|  |TAMS 0x0000000082300000| PB 0x0000000082300000| Untracked |  0
|   6|0x0000000082400000, 0x0000000082400000, 0x0000000082500000|  0%| F|  |TAMS 0x0000000082400000| PB 0x0000000082400000| Untracked |  0
|   7|0x0000000082500000, 0x0000000082500000, 0x0000000082600000|  0%| F|  |TAMS 0x0000000082500000| PB 0x0000000082500000| Untracked |  0
|   8|0x0000000082600000, 0x0000000082600000, 0x0000000082700000|  0%| F|  |TAMS 0x0000000082600000| PB 0x0000000082600000| Untracked |  0
|   9|0x0000000082700000, 0x0000000082700000, 0x0000000082800000|  0%| F|  |TAMS 0x0000000082700000| PB 0x0000000082700000| Untracked |  0
|  10|0x0000000082800000, 0x0000000082800000, 0x0000000082900000|  0%| F|  |TAMS 0x0000000082800000| PB 0x0000000082800000| Untracked |  0
|  11|0x0000000082900000, 0x0000000082900000, 0x0000000082a00000|  0%| F|  |TAMS 0x0000000082900000| PB 0x0000000082900000| Untracked |  0
|  12|0x0000000082a00000, 0x0000000082a00000, 0x0000000082b00000|  0%| F|  |TAMS 0x0000000082a00000| PB 0x0000000082a00000| Untracked |  0
|  13|0x0000000082b00000, 0x0000000082b00000, 0x0000000082c00000|  0%| F|  |TAMS 0x0000000082b00000| PB 0x0000000082b00000| Untracked |  0
|  14|0x0000000082c00000, 0x0000000082c00000, 0x0000000082d00000|  0%| F|  |TAMS 0x0000000082c00000| PB 0x0000000082c00000| Untracked |  0
|  15|0x0000000082d00000, 0x0000000082d00000, 0x0000000082e00000|  0%| F|  |TAMS 0x0000000082d00000| PB 0x0000000082d00000| Untracked |  0
|  16|0x0000000082e00000, 0x0000000082e00000, 0x0000000082f00000|  0%| F|  |TAMS 0x0000000082e00000| PB 0x0000000082e00000| Untracked |  0
|  17|0x0000000082f00000, 0x0000000082f00000, 0x0000000083000000|  0%| F|  |TAMS 0x0000000082f00000| PB 0x0000000082f00000| Untracked |  0
|  18|0x0000000083000000, 0x0000000083000000, 0x0000000083100000|  0%| F|  |TAMS 0x0000000083000000| PB 0x0000000083000000| Untracked |  0
|  19|0x0000000083100000, 0x0000000083100000, 0x0000000083200000|  0%| F|  |TAMS 0x0000000083100000| PB 0x0000000083100000| Untracked |  0
|  20|0x0000000083200000, 0x0000000083200000, 0x0000000083300000|  0%| F|  |TAMS 0x0000000083200000| PB 0x0000000083200000| Untracked |  0
|  21|0x0000000083300000, 0x0000000083300000, 0x0000000083400000|  0%| F|  |TAMS 0x0000000083300000| PB 0x0000000083300000| Untracked |  0
|  22|0x0000000083400000, 0x0000000083400000, 0x0000000083500000|  0%| F|  |TAMS 0x0000000083400000| PB 0x0000000083400000| Untracked |  0
|  23|0x0000000083500000, 0x0000000083500000, 0x0000000083600000|  0%| F|  |TAMS 0x0000000083500000| PB 0x0000000083500000| Untracked |  0
|  24|0x0000000083600000, 0x0000000083600000, 0x0000000083700000|  0%| F|  |TAMS 0x0000000083600000| PB 0x0000000083600000| Untracked |  0
|  25|0x0000000083700000, 0x0000000083700000, 0x0000000083800000|  0%| F|  |TAMS 0x0000000083700000| PB 0x0000000083700000| Untracked |  0
|  26|0x0000000083800000, 0x0000000083800000, 0x0000000083900000|  0%| F|  |TAMS 0x0000000083800000| PB 0x0000000083800000| Untracked |  0
|  27|0x0000000083900000, 0x0000000083900000, 0x0000000083a00000|  0%| F|  |TAMS 0x0000000083900000| PB 0x0000000083900000| Untracked |  0
|  28|0x0000000083a00000, 0x0000000083a00000, 0x0000000083b00000|  0%| F|  |TAMS 0x0000000083a00000| PB 0x0000000083a00000| Untracked |  0
|  29|0x0000000083b00000, 0x0000000083b00000, 0x0000000083c00000|  0%| F|  |TAMS 0x0000000083b00000| PB 0x0000000083b00000| Untracked |  0
|  30|0x0000000083c00000, 0x0000000083c00000, 0x0000000083d00000|  0%| F|  |TAMS 0x0000000083c00000| PB 0x0000000083c00000| Untracked |  0
|  31|0x0000000083d00000, 0x0000000083d00000, 0x0000000083e00000|  0%| F|  |TAMS 0x0000000083d00000| PB 0x0000000083d00000| Untracked |  0
|  32|0x0000000083e00000, 0x0000000083e00000, 0x0000000083f00000|  0%| F|  |TAMS 0x0000000083e00000| PB 0x0000000083e00000| Untracked |  0
|  33|0x0000000083f00000, 0x0000000083f00000, 0x0000000084000000|  0%| F|  |TAMS 0x0000000083f00000| PB 0x0000000083f00000| Untracked |  0
|  34|0x0000000084000000, 0x0000000084000000, 0x0000000084100000|  0%| F|  |TAMS 0x0000000084000000| PB 0x0000000084000000| Untracked |  0
|  35|0x0000000084100000, 0x0000000084100000, 0x0000000084200000|  0%| F|  |TAMS 0x0000000084100000| PB 0x0000000084100000| Untracked |  0
|  36|0x0000000084200000, 0x0000000084200000, 0x0000000084300000|  0%| F|  |TAMS 0x0000000084200000| PB 0x0000000084200000| Untracked |  0
|  37|0x0000000084300000, 0x0000000084300000, 0x0000000084400000|  0%| F|  |TAMS 0x0000000084300000| PB 0x0000000084300000| Untracked |  0
|  38|0x0000000084400000, 0x0000000084400000, 0x0000000084500000|  0%| F|  |TAMS 0x0000000084400000| PB 0x0000000084400000| Untracked |  0
|  39|0x0000000084500000, 0x0000000084500000, 0x0000000084600000|  0%| F|  |TAMS 0x0000000084500000| PB 0x0000000084500000| Untracked |  0
|  40|0x0000000084600000, 0x0000000084600000, 0x0000000084700000|  0%| F|  |TAMS 0x0000000084600000| PB 0x0000000084600000| Untracked |  0
|  41|0x0000000084700000, 0x0000000084700000, 0x0000000084800000|  0%| F|  |TAMS 0x0000000084700000| PB 0x0000000084700000| Untracked |  0
|  42|0x0000000084800000, 0x0000000084800000, 0x0000000084900000|  0%| F|  |TAMS 0x0000000084800000| PB 0x0000000084800000| Untracked |  0
|  43|0x0000000084900000, 0x0000000084900000, 0x0000000084a00000|  0%| F|  |TAMS 0x0000000084900000| PB 0x0000000084900000| Untracked |  0
|  44|0x0000000084a00000, 0x0000000084a00000, 0x0000000084b00000|  0%| F|  |TAMS 0x0000000084a00000| PB 0x0000000084a00000| Untracked |  0
|  45|0x0000000084b00000, 0x0000000084b00000, 0x0000000084c00000|  0%| F|  |TAMS 0x0000000084b00000| PB 0x0000000084b00000| Untracked |  0
|  46|0x0000000084c00000, 0x0000000084c00000, 0x0000000084d00000|  0%| F|  |TAMS 0x0000000084c00000| PB 0x0000000084c00000| Untracked |  0
|  47|0x0000000084d00000, 0x0000000084d00000, 0x0000000084e00000|  0%| F|  |TAMS 0x0000000084d00000| PB 0x0000000084d00000| Untracked |  0
|  48|0x0000000084e00000, 0x0000000084e00000, 0x0000000084f00000|  0%| F|  |TAMS 0x0000000084e00000| PB 0x0000000084e00000| Untracked |  0
|  49|0x0000000084f00000, 0x0000000084f00000, 0x0000000085000000|  0%| F|  |TAMS 0x0000000084f00000| PB 0x0000000084f00000| Untracked |  0
|  50|0x0000000085000000, 0x0000000085000000, 0x0000000085100000|  0%| F|  |TAMS 0x0000000085000000| PB 0x0000000085000000| Untracked |  0
|  51|0x0000000085100000, 0x0000000085100000, 0x0000000085200000|  0%| F|  |TAMS 0x0000000085100000| PB 0x0000000085100000| Untracked |  0
|  52|0x0000000085200000, 0x0000000085200000, 0x0000000085300000|  0%| F|  |TAMS 0x0000000085200000| PB 0x0000000085200000| Untracked |  0
|  53|0x0000000085300000, 0x0000000085300000, 0x0000000085400000|  0%| F|  |TAMS 0x0000000085300000| PB 0x0000000085300000| Untracked |  0
|  54|0x0000000085400000, 0x0000000085400000, 0x0000000085500000|  0%| F|  |TAMS 0x0000000085400000| PB 0x0000000085400000| Untracked |  0
|  55|0x0000000085500000, 0x0000000085500000, 0x0000000085600000|  0%| F|  |TAMS 0x0000000085500000| PB 0x0000000085500000| Untracked |  0
|  56|0x0000000085600000, 0x0000000085600000, 0x0000000085700000|  0%| F|  |TAMS 0x0000000085600000| PB 0x0000000085600000| Untracked |  0
|  57|0x0000000085700000, 0x0000000085700000, 0x0000000085800000|  0%| F|  |TAMS 0x0000000085700000| PB 0x0000000085700000| Untracked |  0
|  58|0x0000000085800000, 0x0000000085800000, 0x0000000085900000|  0%| F|  |TAMS 0x0000000085800000| PB 0x0000000085800000| Untracked |  0
|  59|0x0000000085900000, 0x0000000085900000, 0x0000000085a00000|  0%| F|  |TAMS 0x0000000085900000| PB 0x0000000085900000| Untracked |  0
|  60|0x0000000085a00000, 0x0000000085a00000, 0x0000000085b00000|  0%| F|  |TAMS 0x0000000085a00000| PB 0x0000000085a00000| Untracked |  0
|  61|0x0000000085b00000, 0x0000000085b00000, 0x0000000085c00000|  0%| F|  |TAMS 0x0000000085b00000| PB 0x0000000085b00000| Untracked |  0
|  62|0x0000000085c00000, 0x0000000085c00000, 0x0000000085d00000|  0%| F|  |TAMS 0x0000000085c00000| PB 0x0000000085c00000| Untracked |  0
|  63|0x0000000085d00000, 0x0000000085d00000, 0x0000000085e00000|  0%| F|  |TAMS 0x0000000085d00000| PB 0x0000000085d00000| Untracked |  0
|  64|0x0000000085e00000, 0x0000000085e00000, 0x0000000085f00000|  0%| F|  |TAMS 0x0000000085e00000| PB 0x0000000085e00000| Untracked |  0
|  65|0x0000000085f00000, 0x0000000085f00000, 0x0000000086000000|  0%| F|  |TAMS 0x0000000085f00000| PB 0x0000000085f00000| Untracked |  0
|  66|0x0000000086000000, 0x0000000086000000, 0x0000000086100000|  0%| F|  |TAMS 0x0000000086000000| PB 0x0000000086000000| Untracked |  0
|  67|0x0000000086100000, 0x0000000086100000, 0x0000000086200000|  0%| F|  |TAMS 0x0000000086100000| PB 0x0000000086100000| Untracked |  0
|  68|0x0000000086200000, 0x0000000086200000, 0x0000000086300000|  0%| F|  |TAMS 0x0000000086200000| PB 0x0000000086200000| Untracked |  0
|  69|0x0000000086300000, 0x0000000086300000, 0x0000000086400000|  0%| F|  |TAMS 0x0000000086300000| PB 0x0000000086300000| Untracked |  0
|  70|0x0000000086400000, 0x0000000086400000, 0x0000000086500000|  0%| F|  |TAMS 0x0000000086400000| PB 0x0000000086400000| Untracked |  0
|  71|0x0000000086500000, 0x0000000086500000, 0x0000000086600000|  0%| F|  |TAMS 0x0000000086500000| PB 0x0000000086500000| Untracked |  0
|  72|0x0000000086600000, 0x0000000086600000, 0x0000000086700000|  0%| F|  |TAMS 0x0000000086600000| PB 0x0000000086600000| Untracked |  0
|  73|0x0000000086700000, 0x0000000086700000, 0x0000000086800000|  0%| F|  |TAMS 0x0000000086700000| PB 0x0000000086700000| Untracked |  0
|  74|0x0000000086800000, 0x0000000086800000, 0x0000000086900000|  0%| F|  |TAMS 0x0000000086800000| PB 0x0000000086800000| Untracked |  0
|  75|0x0000000086900000, 0x0000000086900000, 0x0000000086a00000|  0%| F|  |TAMS 0x0000000086900000| PB 0x0000000086900000| Untracked |  0
|  76|0x0000000086a00000, 0x0000000086a00000, 0x0000000086b00000|  0%| F|  |TAMS 0x0000000086a00000| PB 0x0000000086a00000| Untracked |  0
|  77|0x0000000086b00000, 0x0000000086b00000, 0x0000000086c00000|  0%| F|  |TAMS 0x0000000086b00000| PB 0x0000000086b00000| Untracked |  0
|  78|0x0000000086c00000, 0x0000000086c00000, 0x0000000086d00000|  0%| F|  |TAMS 0x0000000086c00000| PB 0x0000000086c00000| Untracked |  0
|  79|0x0000000086d00000, 0x0000000086d00000, 0x0000000086e00000|  0%| F|  |TAMS 0x0000000086d00000| PB 0x0000000086d00000| Untracked |  0
|  80|0x0000000086e00000, 0x0000000086e00000, 0x0000000086f00000|  0%| F|  |TAMS 0x0000000086e00000| PB 0x0000000086e00000| Untracked |  0
|  81|0x0000000086f00000, 0x0000000086f00000, 0x0000000087000000|  0%| F|  |TAMS 0x0000000086f00000| PB 0x0000000086f00000| Untracked |  0
|  82|0x0000000087000000, 0x0000000087000000, 0x0000000087100000|  0%| F|  |TAMS 0x0000000087000000| PB 0x0000000087000000| Untracked |  0
|  83|0x0000000087100000, 0x0000000087100000, 0x0000000087200000|  0%| F|  |TAMS 0x0000000087100000| PB 0x0000000087100000| Untracked |  0
|  84|0x0000000087200000, 0x0000000087200000, 0x0000000087300000|  0%| F|  |TAMS 0x0000000087200000| PB 0x0000000087200000| Untracked |  0
|  85|0x0000000087300000, 0x0000000087300000, 0x0000000087400000|  0%| F|  |TAMS 0x0000000087300000| PB 0x0000000087300000| Untracked |  0
|  86|0x0000000087400000, 0x0000000087400000, 0x0000000087500000|  0%| F|  |TAMS 0x0000000087400000| PB 0x0000000087400000| Untracked |  0
|  87|0x0000000087500000, 0x0000000087500000, 0x0000000087600000|  0%| F|  |TAMS 0x0000000087500000| PB 0x0000000087500000| Untracked |  0
|  88|0x0000000087600000, 0x0000000087600000, 0x0000000087700000|  0%| F|  |TAMS 0x0000000087600000| PB 0x0000000087600000| Untracked |  0
|  89|0x0000000087700000, 0x0000000087700000, 0x0000000087800000|  0%| F|  |TAMS 0x0000000087700000| PB 0x0000000087700000| Untracked |  0
|  90|0x0000000087800000, 0x0000000087800000, 0x0000000087900000|  0%| F|  |TAMS 0x0000000087800000| PB 0x0000000087800000| Untracked |  0
|  91|0x0000000087900000, 0x0000000087900000, 0x0000000087a00000|  0%| F|  |TAMS 0x0000000087900000| PB 0x0000000087900000| Untracked |  0
|  92|0x0000000087a00000, 0x0000000087a00000, 0x0000000087b00000|  0%| F|  |TAMS 0x0000000087a00000| PB 0x0000000087a00000| Untracked |  0
|  93|0x0000000087b00000, 0x0000000087b00000, 0x0000000087c00000|  0%| F|  |TAMS 0x0000000087b00000| PB 0x0000000087b00000| Untracked |  0
|  94|0x0000000087c00000, 0x0000000087c00000, 0x0000000087d00000|  0%| F|  |TAMS 0x0000000087c00000| PB 0x0000000087c00000| Untracked |  0
|  95|0x0000000087d00000, 0x0000000087d00000, 0x0000000087e00000|  0%| F|  |TAMS 0x0000000087d00000| PB 0x0000000087d00000| Untracked |  0
|  96|0x0000000087e00000, 0x0000000087e00000, 0x0000000087f00000|  0%| F|  |TAMS 0x0000000087e00000| PB 0x0000000087e00000| Untracked |  0
|  97|0x0000000087f00000, 0x0000000087f00000, 0x0000000088000000|  0%| F|  |TAMS 0x0000000087f00000| PB 0x0000000087f00000| Untracked |  0
|  98|0x0000000088000000, 0x0000000088000000, 0x0000000088100000|  0%| F|  |TAMS 0x0000000088000000| PB 0x0000000088000000| Untracked |  0
|  99|0x0000000088100000, 0x0000000088100000, 0x0000000088200000|  0%| F|  |TAMS 0x0000000088100000| PB 0x0000000088100000| Untracked |  0
| 100|0x0000000088200000, 0x0000000088200000, 0x0000000088300000|  0%| F|  |TAMS 0x0000000088200000| PB 0x0000000088200000| Untracked |  0
| 101|0x0000000088300000, 0x0000000088300000, 0x0000000088400000|  0%| F|  |TAMS 0x0000000088300000| PB 0x0000000088300000| Untracked |  0
| 102|0x0000000088400000, 0x0000000088400000, 0x0000000088500000|  0%| F|  |TAMS 0x0000000088400000| PB 0x0000000088400000| Untracked |  0
| 103|0x0000000088500000, 0x0000000088500000, 0x0000000088600000|  0%| F|  |TAMS 0x0000000088500000| PB 0x0000000088500000| Untracked |  0
| 104|0x0000000088600000, 0x0000000088600000, 0x0000000088700000|  0%| F|  |TAMS 0x0000000088600000| PB 0x0000000088600000| Untracked |  0
| 105|0x0000000088700000, 0x0000000088700000, 0x0000000088800000|  0%| F|  |TAMS 0x0000000088700000| PB 0x0000000088700000| Untracked |  0
| 106|0x0000000088800000, 0x0000000088800000, 0x0000000088900000|  0%| F|  |TAMS 0x0000000088800000| PB 0x0000000088800000| Untracked |  0
| 107|0x0000000088900000, 0x0000000088900000, 0x0000000088a00000|  0%| F|  |TAMS 0x0000000088900000| PB 0x0000000088900000| Untracked |  0
| 108|0x0000000088a00000, 0x0000000088a00000, 0x0000000088b00000|  0%| F|  |TAMS 0x0000000088a00000| PB 0x0000000088a00000| Untracked |  0
| 109|0x0000000088b00000, 0x0000000088b00000, 0x0000000088c00000|  0%| F|  |TAMS 0x0000000088b00000| PB 0x0000000088b00000| Untracked |  0
| 110|0x0000000088c00000, 0x0000000088c00000, 0x0000000088d00000|  0%| F|  |TAMS 0x0000000088c00000| PB 0x0000000088c00000| Untracked |  0
| 111|0x0000000088d00000, 0x0000000088d00000, 0x0000000088e00000|  0%| F|  |TAMS 0x0000000088d00000| PB 0x0000000088d00000| Untracked |  0
| 112|0x0000000088e00000, 0x0000000088e00000, 0x0000000088f00000|  0%| F|  |TAMS 0x0000000088e00000| PB 0x0000000088e00000| Untracked |  0
| 113|0x0000000088f00000, 0x0000000088f00000, 0x0000000089000000|  0%| F|  |TAMS 0x0000000088f00000| PB 0x0000000088f00000| Untracked |  0
| 114|0x0000000089000000, 0x0000000089000000, 0x0000000089100000|  0%| F|  |TAMS 0x0000000089000000| PB 0x0000000089000000| Untracked |  0
| 115|0x0000000089100000, 0x0000000089100000, 0x0000000089200000|  0%| F|  |TAMS 0x0000000089100000| PB 0x0000000089100000| Untracked |  0
| 116|0x0000000089200000, 0x0000000089200000, 0x0000000089300000|  0%| F|  |TAMS 0x0000000089200000| PB 0x0000000089200000| Untracked |  0
| 117|0x0000000089300000, 0x0000000089300000, 0x0000000089400000|  0%| F|  |TAMS 0x0000000089300000| PB 0x0000000089300000| Untracked |  0
| 118|0x0000000089400000, 0x0000000089500000, 0x0000000089500000|100%| E|  |TAMS 0x0000000089400000| PB 0x0000000089400000| Complete |  0
| 119|0x0000000089500000, 0x0000000089600000, 0x0000000089600000|100%| E|CS|TAMS 0x0000000089500000| PB 0x0000000089500000| Complete |  0
| 120|0x0000000089600000, 0x0000000089700000, 0x0000000089700000|100%| E|CS|TAMS 0x0000000089600000| PB 0x0000000089600000| Complete |  0
| 121|0x0000000089700000, 0x0000000089800000, 0x0000000089800000|100%| E|CS|TAMS 0x0000000089700000| PB 0x0000000089700000| Complete |  0
| 122|0x0000000089800000, 0x0000000089900000, 0x0000000089900000|100%| E|CS|TAMS 0x0000000089800000| PB 0x0000000089800000| Complete |  0
| 123|0x0000000089900000, 0x0000000089a00000, 0x0000000089a00000|100%| E|CS|TAMS 0x0000000089900000| PB 0x0000000089900000| Complete |  0
| 124|0x0000000089a00000, 0x0000000089b00000, 0x0000000089b00000|100%| E|CS|TAMS 0x0000000089a00000| PB 0x0000000089a00000| Complete |  0
| 125|0x0000000089b00000, 0x0000000089c00000, 0x0000000089c00000|100%| E|CS|TAMS 0x0000000089b00000| PB 0x0000000089b00000| Complete |  0
| 126|0x0000000089c00000, 0x0000000089d00000, 0x0000000089d00000|100%| E|CS|TAMS 0x0000000089c00000| PB 0x0000000089c00000| Complete |  0
| 127|0x0000000089d00000, 0x0000000089e00000, 0x0000000089e00000|100%| E|CS|TAMS 0x0000000089d00000| PB 0x0000000089d00000| Complete |  0
|2016|0x00000000ffe00000, 0x00000000fff00000, 0x00000000fff00000|100%| O|  |TAMS 0x00000000ffe00000| PB 0x00000000ffe00000| Untracked |  0
|2017|0x00000000fff00000, 0x00000000fff1c330, 0x0000000100000000| 11%| O|  |TAMS 0x00000000fff00000| PB 0x00000000fff00000| Untracked |  0

Card table byte_map: [0x0000017aa9c10000,0x0000017aaa010000] _byte_map_base: 0x0000017aa9801000

Marking Bits: (CMBitMap*) 0x0000017a91fd9460
 Bits: [0x0000017aaa010000, 0x0000017aabf98000)

Polling page: 0x0000017a8fe10000

Metaspace:

Usage:
  Non-class:      2.67 MB used.
      Class:    213.12 KB used.
       Both:      2.87 MB used.

Virtual space:
  Non-class space:       64.00 MB reserved,       2.75 MB (  4%) committed,  1 nodes.
      Class space:        1.00 GB reserved,     320.00 KB ( <1%) committed,  1 nodes.
             Both:        1.06 GB reserved,       3.06 MB ( <1%) committed. 

Chunk freelists:
   Non-Class:  11.84 MB
       Class:  15.72 MB
        Both:  27.56 MB

MaxMetaspaceSize: unlimited
CompressedClassSpaceSize: 1.00 GB
Initial GC threshold: 21.00 MB
Current GC threshold: 21.00 MB
CDS: on
 - commit_granule_bytes: 65536.
 - commit_granule_words: 8192.
 - virtual_space_node_default_size: 8388608.
 - enlarge_chunks_in_place: 1.
UseCompressedClassPointers 1, UseCompactObjectHeaders 0
Narrow klass pointer bits 32, Max shift 3
Narrow klass base: 0x0000017aaf000000, Narrow klass shift: 0
Encoding Range: [0x0000017aaf000000 - 0x0000017baf000000), (4294967296 bytes)
Klass Range:    [0x0000017aaf000000 - 0x0000017af0000000), (1090519040 bytes)
Klass ID Range:  [8 - 1090519033) (1090519025)


Internal statistics:

num_allocs_failed_limit: 0.
num_arena_births: 26.
num_arena_deaths: 0.
num_vsnodes_births: 2.
num_vsnodes_deaths: 0.
num_space_committed: 49.
num_space_uncommitted: 0.
num_chunks_returned_to_freelist: 0.
num_chunks_taken_from_freelist: 37.
num_chunk_merges: 0.
num_chunk_splits: 25.
num_chunks_enlarged: 19.
num_inconsistent_stats: 0.

CodeHeap 'non-profiled nmethods': size=120064Kb used=147Kb max_used=147Kb free=119916Kb
 bounds [0x0000017aa22d0000, 0x0000017aa2540000, 0x0000017aa9810000]
CodeHeap 'profiled nmethods': size=120000Kb used=517Kb max_used=517Kb free=119482Kb
 bounds [0x0000017a9a810000, 0x0000017a9aa80000, 0x0000017aa1d40000]
CodeHeap 'non-nmethods': size=5696Kb used=1273Kb max_used=1289Kb free=4422Kb
 bounds [0x0000017aa1d40000, 0x0000017aa1fb0000, 0x0000017aa22d0000]
CodeCache: size=245760Kb, used=1937Kb, max_used=1953Kb, free=243820Kb
 total_blobs=947, nmethods=517, adapters=334, full_count=0
Compilation: enabled, stopped_count=0, restarted_count=0

Compilation events (20 events):
Event: 0.676 Thread 0x0000017aae604770 nmethod 413 0x0000017aa22ee388 code [0x0000017aa22ee4a0, 0x0000017aa22ee900]
Event: 0.676 Thread 0x0000017aae604770  414   !   4       java.util.zip.ZipFile$Source::checkAndAddEntry (347 bytes)
Event: 0.678 Thread 0x0000017af43387e0 nmethod 370 0x0000017aa22ee988 code [0x0000017aa22eeac0, 0x0000017aa22ef140]
Event: 0.678 Thread 0x0000017af43387e0  415       4       java.util.zip.ZipFile$Source::isMetaName (141 bytes)
Event: 0.679 Thread 0x0000017aae606840  417       1       java.util.zip.Inflater$InflaterZStreamRef::address (5 bytes)
Event: 0.679 Thread 0x0000017aae606840 nmethod 417 0x0000017aa22ef188 code [0x0000017aa22ef280, 0x0000017aa22ef348]
Event: 0.680 Thread 0x0000017aae606840  418       3       java.util.jar.Manifest$FastInputStream::readLine (296 bytes)
Event: 0.681 Thread 0x0000017aae606840 nmethod 418 0x0000017a9a86da08 code [0x0000017a9a86dba0, 0x0000017a9a86e3c8]
Event: 0.683 Thread 0x0000017af43387e0 nmethod 415 0x0000017aa22ef488 code [0x0000017aa22ef5a0, 0x0000017aa22ef818]
Event: 0.683 Thread 0x0000017af43387e0  419 %     4       java.lang.StringCoding::countPositives @ 7 (33 bytes)
Event: 0.683 Thread 0x0000017aae606840  420       3       java.lang.String::<init> (22 bytes)
Event: 0.684 Thread 0x0000017aae606840 nmethod 420 0x0000017a9a86e408 code [0x0000017a9a86e580, 0x0000017a9a86e9c8]
Event: 0.687 Thread 0x0000017aae606840  423       3       java.io.RandomAccessFile::seek (22 bytes)
Event: 0.687 Thread 0x0000017aae606840 nmethod 423 0x0000017a9a86ea08 code [0x0000017a9a86eb40, 0x0000017a9a86ed98]
Event: 0.687 Thread 0x0000017aae606840  424       3       java.lang.AbstractStringBuilder::appendChars (207 bytes)
Event: 0.690 Thread 0x0000017aae606840 nmethod 424 0x0000017a9a86ee08 code [0x0000017a9a86f040, 0x0000017a9a870338]
Event: 0.690 Thread 0x0000017aae606840  426       3       java.lang.AbstractStringBuilder::append (67 bytes)
Event: 0.690 Thread 0x0000017aae606840 nmethod 426 0x0000017a9a870408 code [0x0000017a9a870580, 0x0000017a9a870bb0]
Event: 0.690 Thread 0x0000017aae606840  425       1       java.util.jar.Attributes$Name::hashCode (5 bytes)
Event: 0.718 Thread 0x0000017aae606840 nmethod 425 0x0000017aa22efc88 code [0x0000017aa22efd80, 0x0000017aa22efe48]

GC Heap History (0 events):
No events

Dll operation events (8 events):
Event: 0.113 Loaded shared library C:\Users\Felipe\.jdks\openjdk-24.0.2+12-54\bin\java.dll
Event: 0.115 Loaded shared library C:\Users\Felipe\.jdks\openjdk-24.0.2+12-54\bin\zip.dll
Event: 0.192 Loaded shared library C:\Users\Felipe\.jdks\openjdk-24.0.2+12-54\bin\jsvml.dll
Event: 0.450 Loaded shared library C:\Users\Felipe\.jdks\openjdk-24.0.2+12-54\bin\instrument.dll
Event: 0.562 Loaded shared library C:\Users\Felipe\.jdks\openjdk-24.0.2+12-54\bin\net.dll
Event: 0.565 Loaded shared library C:\Users\Felipe\.jdks\openjdk-24.0.2+12-54\bin\nio.dll
Event: 0.581 Loaded shared library C:\Users\Felipe\.jdks\openjdk-24.0.2+12-54\bin\zip.dll
Event: 0.619 Loaded shared library C:\Users\Felipe\.jdks\openjdk-24.0.2+12-54\bin\extnet.dll

Deoptimization events (12 events):
Event: 0.506 Thread 0x0000017a91f81170 Uncommon trap: trap_request=0xffffff4d fr.pc=0x0000017aa22da6d0 relative=0x00000000000000b0
Event: 0.506 Thread 0x0000017a91f81170 Uncommon trap: reason=unstable_if action=reinterpret pc=0x0000017aa22da6d0 method=java.lang.String.hashCode()I @ 42 c2
Event: 0.506 Thread 0x0000017a91f81170 DEOPT PACKING pc=0x0000017aa22da6d0 sp=0x00000010416fcf90
Event: 0.506 Thread 0x0000017a91f81170 DEOPT UNPACKING pc=0x0000017aa1e56002 sp=0x00000010416fcf28 mode 2
Event: 0.589 Thread 0x0000017a91f81170 Uncommon trap: trap_request=0xffffff4d fr.pc=0x0000017aa22d4c58 relative=0x0000000000000058
Event: 0.589 Thread 0x0000017a91f81170 Uncommon trap: reason=unstable_if action=reinterpret pc=0x0000017aa22d4c58 method=java.lang.String.isLatin1()Z @ 10 c2
Event: 0.589 Thread 0x0000017a91f81170 DEOPT PACKING pc=0x0000017aa22d4c58 sp=0x00000010416fea00
Event: 0.589 Thread 0x0000017a91f81170 DEOPT UNPACKING pc=0x0000017aa1e56002 sp=0x00000010416fe990 mode 2
Event: 0.590 Thread 0x0000017a91f81170 Uncommon trap: trap_request=0xffffff4d fr.pc=0x0000017aa22d0ed4 relative=0x00000000000000b4
Event: 0.590 Thread 0x0000017a91f81170 Uncommon trap: reason=unstable_if action=reinterpret pc=0x0000017aa22d0ed4 method=java.lang.String.isLatin1()Z @ 10 c2
Event: 0.590 Thread 0x0000017a91f81170 DEOPT PACKING pc=0x0000017aa22d0ed4 sp=0x00000010416ff400
Event: 0.590 Thread 0x0000017a91f81170 DEOPT UNPACKING pc=0x0000017aa1e56002 sp=0x00000010416ff340 mode 2

Classes loaded (20 events):
Event: 0.632 Loading class sun/nio/ch/NativeThread
Event: 0.632 Loading class sun/nio/ch/NativeThread done
Event: 0.634 Loading class java/io/BufferedReader
Event: 0.634 Loading class java/io/BufferedReader done
Event: 0.635 Loading class java/net/Socket$SocketInputStream
Event: 0.635 Loading class java/net/Socket$SocketInputStream done
Event: 0.635 Loading class sun/nio/ch/NioSocketImpl$1
Event: 0.635 Loading class sun/nio/ch/NioSocketImpl$1 done
Event: 0.635 Loading class sun/nio/cs/StreamDecoder
Event: 0.636 Loading class sun/nio/cs/StreamDecoder done
Event: 0.636 Loading class sun/nio/cs/US_ASCII$Decoder
Event: 0.636 Loading class sun/nio/cs/US_ASCII$Decoder done
Event: 0.636 Loading class jdk/internal/event/SocketReadEvent
Event: 0.637 Loading class jdk/internal/event/SocketReadEvent done
Event: 0.637 Loading class sun/nio/ch/Util
Event: 0.637 Loading class sun/nio/ch/Util done
Event: 0.637 Loading class sun/nio/ch/Util$1
Event: 0.638 Loading class sun/nio/ch/Util$1 done
Event: 0.638 Loading class sun/nio/ch/Util$BufferCache
Event: 0.638 Loading class sun/nio/ch/Util$BufferCache done

Classes unloaded (0 events):
No events

Classes redefined (1 events):
Event: 0.527 Thread 0x0000017aae4a9760 redefined class name=java.lang.Throwable, count=1

Internal exceptions (4 events):
Event: 0.452 Thread 0x0000017a91f81170 Exception <a 'java/lang/NoSuchMethodError'{0x0000000089b54d50}: 'void java.lang.invoke.DirectMethodHandle$Holder.invokeStatic(java.lang.Object, java.lang.Object, java.lang.Object)'> (0x0000000089b54d50) 
thrown [s\open\src\hotspot\share\interpreter\linkResolver.cpp, line 805]
Event: 0.466 Thread 0x0000017a91f81170 Exception <a 'java/lang/NoSuchMethodError'{0x0000000089a09b68}: 'java.lang.Object java.lang.invoke.Invokers$Holder.invokeExact_MT(java.lang.Object, java.lang.Object, java.lang.Object, java.lang.Object, java.lang.Object)'> (0x0000000089a09b68) 
thrown [s\open\src\hotspot\share\interpreter\linkResolver.cpp, line 805]
Event: 0.616 Thread 0x0000017af41226a0 Exception <a 'java/lang/NoSuchMethodError'{0x0000000089860f70}: 'java.lang.Object java.lang.invoke.DirectMethodHandle$Holder.invokeStaticInit(java.lang.Object)'> (0x0000000089860f70) 
thrown [s\open\src\hotspot\share\interpreter\linkResolver.cpp, line 805]
Event: 0.624 Thread 0x0000017af41226a0 Exception <a 'java/lang/NoSuchMethodError'{0x000000008986d9b0}: 'void java.lang.invoke.DirectMethodHandle$Holder.invokeStatic(java.lang.Object, java.lang.Object)'> (0x000000008986d9b0) 
thrown [s\open\src\hotspot\share\interpreter\linkResolver.cpp, line 805]

VM Operations (4 events):
Event: 0.411 Executing VM operation: HandshakeAllThreads (Deoptimize)
Event: 0.411 Executing VM operation: HandshakeAllThreads (Deoptimize) done
Event: 0.526 Executing VM operation: RedefineClasses
Event: 0.528 Executing VM operation: RedefineClasses done

Memory protections (0 events):
No events

Nmethod flushes (0 events):
No events

Events (14 events):
Event: 0.165 Thread 0x0000017a91f81170 Thread added: 0x0000017a91f81170
Event: 0.185 Thread 0x0000017a91f81170 Thread added: 0x0000017aae4b9d00
Event: 0.186 Thread 0x0000017a91f81170 Thread added: 0x0000017aae4baa30
Event: 0.186 Thread 0x0000017a91f81170 Thread added: 0x0000017aae4c2310
Event: 0.186 Thread 0x0000017a91f81170 Thread added: 0x0000017aae4c2e40
Event: 0.187 Thread 0x0000017a91f81170 Thread added: 0x0000017aae4cb980
Event: 0.187 Thread 0x0000017a91f81170 Thread added: 0x0000017aae6001c0
Event: 0.187 Thread 0x0000017a91f81170 Thread added: 0x0000017aae604770
Event: 0.187 Thread 0x0000017a91f81170 Thread added: 0x0000017aae606840
Event: 0.485 Thread 0x0000017a91f81170 Thread added: 0x0000017aae7edf80
Event: 0.529 Thread 0x0000017a91f81170 Thread added: 0x0000017aae8977f0
Event: 0.587 Thread 0x0000017a91f81170 Thread added: 0x0000017af41226a0
Event: 0.587 Thread 0x0000017a91f81170 Thread added: 0x0000017af4115300
Event: 0.668 Thread 0x0000017aae606840 Thread added: 0x0000017af43387e0


Dynamic libraries:
0x00007ff6c5ea0000 - 0x00007ff6c5eae000 	C:\Users\Felipe\.jdks\openjdk-24.0.2+12-54\bin\java.exe
0x00007ffd4e540000 - 0x00007ffd4e7a3000 	C:\WINDOWS\SYSTEM32\ntdll.dll
0x00007ffd4d9e0000 - 0x00007ffd4daa7000 	C:\WINDOWS\System32\KERNEL32.DLL
0x00007ffd4be90000 - 0x00007ffd4c231000 	C:\WINDOWS\System32\KERNELBASE.dll
0x00007ffd4bab0000 - 0x00007ffd4bbfb000 	C:\WINDOWS\System32\ucrtbase.dll
0x00007ffd46650000 - 0x00007ffd46666000 	C:\Users\Felipe\.jdks\openjdk-24.0.2+12-54\bin\jli.dll
0x00007ffd3dab0000 - 0x00007ffd3dacb000 	C:\Users\Felipe\.jdks\openjdk-24.0.2+12-54\bin\VCRUNTIME140.dll
0x00007ffd4cb50000 - 0x00007ffd4cd13000 	C:\WINDOWS\System32\USER32.dll
0x00007ffd37a70000 - 0x00007ffd37d00000 	C:\WINDOWS\WinSxS\amd64_microsoft.windows.common-controls_6595b64144ccf1df_6.0.26100.1591_none_3e0fac18e32dc903\COMCTL32.dll
0x00007ffd4ba80000 - 0x00007ffd4baa7000 	C:\WINDOWS\System32\win32u.dll
0x00007ffd4dc80000 - 0x00007ffd4dd29000 	C:\WINDOWS\System32\msvcrt.dll
0x00007ffd4d9b0000 - 0x00007ffd4d9da000 	C:\WINDOWS\System32\GDI32.dll
0x00007ffd4b950000 - 0x00007ffd4ba71000 	C:\WINDOWS\System32\gdi32full.dll
0x00007ffd4bde0000 - 0x00007ffd4be83000 	C:\WINDOWS\System32\msvcp_win.dll
0x00007ffd4dd30000 - 0x00007ffd4dd5f000 	C:\WINDOWS\System32\IMM32.DLL
0x00007ffd469e0000 - 0x00007ffd469ec000 	C:\Users\Felipe\.jdks\openjdk-24.0.2+12-54\bin\vcruntime140_1.dll
0x00007ffd36e00000 - 0x00007ffd36e8e000 	C:\Users\Felipe\.jdks\openjdk-24.0.2+12-54\bin\msvcp140.dll
0x00007ffd09570000 - 0x00007ffd0a311000 	C:\Users\Felipe\.jdks\openjdk-24.0.2+12-54\bin\server\jvm.dll
0x00007ffd4ca80000 - 0x00007ffd4cb32000 	C:\WINDOWS\System32\ADVAPI32.dll
0x00007ffd4c3c0000 - 0x00007ffd4c467000 	C:\WINDOWS\System32\sechost.dll
0x00007ffd4de50000 - 0x00007ffd4df66000 	C:\WINDOWS\System32\RPCRT4.dll
0x00007ffd4cee0000 - 0x00007ffd4cf54000 	C:\WINDOWS\System32\WS2_32.dll
0x00007ffd4b7f0000 - 0x00007ffd4b83e000 	C:\WINDOWS\SYSTEM32\POWRPROF.dll
0x00007ffd01ac0000 - 0x00007ffd01af6000 	C:\WINDOWS\SYSTEM32\WINMM.dll
0x00007ffd434e0000 - 0x00007ffd434eb000 	C:\WINDOWS\SYSTEM32\VERSION.dll
0x00007ffd4b7d0000 - 0x00007ffd4b7e4000 	C:\WINDOWS\SYSTEM32\UMPDC.dll
0x00007ffd4a7b0000 - 0x00007ffd4a7ca000 	C:\WINDOWS\SYSTEM32\kernel.appcore.dll
0x00007ffd467b0000 - 0x00007ffd467ba000 	C:\Users\Felipe\.jdks\openjdk-24.0.2+12-54\bin\jimage.dll
0x00007ffcf7480000 - 0x00007ffcf76c1000 	C:\WINDOWS\SYSTEM32\DBGHELP.DLL
0x00007ffd4df70000 - 0x00007ffd4e2ec000 	C:\WINDOWS\System32\combase.dll
0x00007ffd4dd70000 - 0x00007ffd4de46000 	C:\WINDOWS\System32\OLEAUT32.dll
0x00007ffd39700000 - 0x00007ffd39739000 	C:\WINDOWS\SYSTEM32\dbgcore.DLL
0x00007ffd4bc00000 - 0x00007ffd4bc99000 	C:\WINDOWS\System32\bcryptPrimitives.dll
0x00007ffd3daa0000 - 0x00007ffd3daaf000 	C:\Users\Felipe\.jdks\openjdk-24.0.2+12-54\bin\instrument.dll
0x00007ffd3da50000 - 0x00007ffd3da6e000 	C:\Users\Felipe\.jdks\openjdk-24.0.2+12-54\bin\java.dll
0x00007ffd4d720000 - 0x00007ffd4d8b9000 	C:\WINDOWS\System32\ole32.dll
0x00007ffd4cf60000 - 0x00007ffd4d656000 	C:\WINDOWS\System32\SHELL32.dll
0x00007ffd3c150000 - 0x00007ffd3c167000 	C:\Users\Felipe\.jdks\openjdk-24.0.2+12-54\bin\zip.dll
0x00007ffd49740000 - 0x00007ffd49f6a000 	C:\WINDOWS\SYSTEM32\windows.storage.dll
0x00007ffd4e2f0000 - 0x00007ffd4e3c3000 	C:\WINDOWS\System32\SHCORE.dll
0x00007ffd4d670000 - 0x00007ffd4d6cd000 	C:\WINDOWS\System32\shlwapi.dll
0x00007ffd4b870000 - 0x00007ffd4b899000 	C:\WINDOWS\SYSTEM32\profapi.dll
0x00007ffd15960000 - 0x00007ffd15a37000 	C:\Users\Felipe\.jdks\openjdk-24.0.2+12-54\bin\jsvml.dll
0x00007ffd3da90000 - 0x00007ffd3daa0000 	C:\Users\Felipe\.jdks\openjdk-24.0.2+12-54\bin\net.dll
0x00007ffd4acb0000 - 0x00007ffd4ad18000 	C:\WINDOWS\system32\mswsock.dll
0x00007ffd3b1a0000 - 0x00007ffd3b1b6000 	C:\Users\Felipe\.jdks\openjdk-24.0.2+12-54\bin\nio.dll
0x00007ffd3d930000 - 0x00007ffd3d939000 	C:\Users\Felipe\.jdks\openjdk-24.0.2+12-54\bin\extnet.dll
0x00007ffd3b150000 - 0x00007ffd3b160000 	C:\Users\Felipe\.jdks\openjdk-24.0.2+12-54\bin\verify.dll

JVMTI agents:
C:\Users\Felipe\AppData\Local\JetBrains\IdeaIC2025.1\captureAgent\debugger-agent.jar path:C:\Users\Felipe\.jdks\openjdk-24.0.2+12-54\bin\instrument.dll, loaded, initialized, instrumentlib options:file:///C:/Users/Felipe/AppData/Local/Temp/capture15614706923195677065.props
C:\Program Files\JetBrains\IntelliJ IDEA Community Edition 2025.1.1.1\lib\idea_rt.jar path:C:\Users\Felipe\.jdks\openjdk-24.0.2+12-54\bin\instrument.dll, loaded, initialized, instrumentlib options:55812

dbghelp: loaded successfully - version: 4.0.5 - missing functions: none
symbol engine: initialized successfully - sym options: 0x614 - pdb path: .;C:\Users\Felipe\.jdks\openjdk-24.0.2+12-54\bin;C:\WINDOWS\SYSTEM32;C:\WINDOWS\WinSxS\amd64_microsoft.windows.common-controls_6595b64144ccf1df_6.0.26100.1591_none_3e0fac18e32dc903;C:\Users\Felipe\.jdks\openjdk-24.0.2+12-54\bin\server

VM Arguments:
jvm_args: -javaagent:C:\Users\Felipe\AppData\Local\JetBrains\IdeaIC2025.1\captureAgent\debugger-agent.jar=file:///C:/Users/Felipe/AppData/Local/Temp/capture15614706923195677065.props -ea -DnodeNamesHandler=org.jetbrains.plugins.cucumber.java.run.CucumberTestTreeNodeManager -Didea.test.cyclic.buffer.size=1048576 -javaagent:C:\Program Files\JetBrains\IntelliJ IDEA Community Edition 2025.1.1.1\lib\idea_rt.jar=55812 -Dkotlinx.coroutines.debug.enable.creation.stack.trace=false -Ddebugger.agent.enable.coroutines=true -Dkotlinx.coroutines.debug.enable.flows.stack.trace=true -Dkotlinx.coroutines.debug.enable.mutable.state.flows.stack.trace=true -Dfile.encoding=UTF-8 -Dsun.stdout.encoding=UTF-8 -Dsun.stderr.encoding=UTF-8 
java_command: com.intellij.rt.junit.JUnitStarter -ideVersion5 -junit4 runner.RunnerTest
java_class_path (initial): C:\Program Files\JetBrains\IntelliJ IDEA Community Edition 2025.1.1.1\lib\idea_rt.jar;C:\Program Files\JetBrains\IntelliJ IDEA Community Edition 2025.1.1.1\plugins\junit\lib\junit5-rt.jar;C:\Program Files\JetBrains\IntelliJ IDEA Community Edition 2025.1.1.1\plugins\junit\lib\junit-rt.jar;C:\Users\Felipe\Desktop\AUTOMATIZANDO OC\target\test-classes;C:\Users\Felipe\Desktop\AUTOMATIZANDO OC\target\classes;C:\Users\Felipe\.m2\repository\org\seleniumhq\selenium\selenium-java\4.38.0\selenium-java-4.38.0.jar;C:\Users\Felipe\.m2\repository\org\seleniumhq\selenium\selenium-api\4.38.0\selenium-api-4.38.0.jar;C:\Users\Felipe\.m2\repository\org\jspecify\jspecify\1.0.0\jspecify-1.0.0.jar;C:\Users\Felipe\.m2\repository\org\seleniumhq\selenium\selenium-chrome-driver\4.38.0\selenium-chrome-driver-4.38.0.jar;C:\Users\Felipe\.m2\repository\com\google\auto\service\auto-service-annotations\1.1.1\auto-service-annotations-1.1.1.jar;C:\Users\Felipe\.m2\repository\org\seleniumhq\selenium\selenium-chromium-driver\4.38.0\selenium-chromium-driver-4.38.0.jar;C:\Users\Felipe\.m2\repository\org\seleniumhq\selenium\selenium-json\4.38.0\selenium-json-4.38.0.jar;C:\Users\Felipe\.m2\repository\org\seleniumhq\selenium\selenium-manager\4.38.0\selenium-manager-4.38.0.jar;C:\Users\Felipe\.m2\repository\org\seleniumhq\selenium\selenium-devtools-v140\4.38.0\selenium-devtools-v140-4.38.0.jar;C:\Users\Felipe\.m2\repository\org\seleniumhq\selenium\selenium-devtools-v141\4.38.0\selenium-devtools-v141-4.38.0.jar;C:\Users\Felipe\.m2\repository\org\seleniumhq\selenium\selenium-devtools-v142\4.38.0\selenium-devtools-v142-4.38.0.jar;C:\Users\Felipe\.m2\repository\org\seleniumhq\selenium\selenium-edge-driver\4.38.0\selenium-edge-driver-4.38.0.jar;C:\Users\Felipe\.m2\repository\org\seleniumhq\selenium\selenium-firefox-driver\4.38.0\selenium-firefox-driver-4.38.0.jar;C:\Users\Felipe\.m2\repository\org\seleniumhq\selenium\selenium-http\4.38.0\selenium-http-4.38.0.jar;C:\Users\Felipe\.m2\repository\org\seleniumhq\selenium\selenium-ie-driver\4.38.0\selenium-ie-driver-4.38.0.jar;C:\Users\Felipe\.m2\repository\org\seleniumhq\selenium\selenium-remote-driver\4.38.0\selenium-remote-driver-4.38.0.jar;C:\Users\Felipe\.m2\repository\com\google\guava\guava\33.5.0-jre\guava-33.5.0-jre.jar;C:\Users\Felipe\.m2\repository\com\google\guava\failureaccess\1.0.3\failureaccess-1.0.3.jar;C:\Users\Felipe\.m2\repository\com\google\guava\listenablefuture\9999.0-empty-to-avoid-conflict-with-guava\listenablefuture-9999.0-empty-to-avoid-conflict-with-guava.jar;C:\Users\Felipe\.m2\repository\com\google\j2objc\j2objc-annotations\3.1\j2objc-annotations-3.1.jar;C:\Users\Felipe\.m2\repository\io\opentelemetry\opentelemetry-api\1.55.0\opentelemetry-api-1.55.0.jar;C:\Users\Felipe\.m2\repository\io\opentelemetry\opentelemetry-context\1.55.0\opentelemetry-context-1.55.0.jar;C:\Users\Felipe\.m2\repository\io\opentelemetry\opentelemetry-common\1.55.0\opentelemetry-common-1.55.0.jar;C:\Users\Felipe\.m2\repository\io\opentelemetry\opentelemetry-exporter-logging\1.55.0\opentelemetry-exporter-logging-1.55.0.jar;C:\Users\Felipe\.m2\repository\io\opentelemetry\opentelemetry-sdk-common\1.55.0\opentelemetry-sdk-common-1.55.0.jar;C:\Users\Felipe\.m2\repository\io\opentelemetry\opentelemetry-sdk-extension-autoconfigure-spi\1.55.0\opentelemetry-sdk-extension-autoconfigure-spi-1.55.0.jar;C:\Users\Felipe\.m2\repository\io\opentelemetry\opentelemetry-sdk-extension-autoconfigure\1.55.0\opentelemetry-sdk-extension-autoconfigure-1.55.0.jar;C:\Users\Felipe\.m2\repository\io\opentelemetry\opentelemetry-sdk-trace\1.55.0\opentelemetry-sdk-trace-1.55.0.jar;C:\Users\Felipe\.m2\repository\io\opentelemetry\opentelemetry-sdk\1.55.0\opentelemetry-sdk-1.55.0.jar;C:\Users\Felipe\.m2\repository\io\opentelemetry\opentelemetry-sdk-metrics\1.55.0\opentelemetry-sdk-metrics-1.55.0.jar;C:\Users\Felipe\.m2\repository\io\opentelemetry\opentelemetry-sdk-logs\1.55.0\opentelemetry-sdk-logs-1.55.0.jar;C:\Users\Felipe\.m2\repository\net\bytebuddy\byte-buddy\1.17.8\byte-buddy-1.17.8.jar;C:\Users\Felipe\.m2\repository\org\seleniumhq\selenium\selenium-os\4.38.0\selenium-os-4.38.0.jar;C:\Users\Felipe\.m2\repository\org\apache\commons\commons-exec\1.5.0\commons-exec-1.5.0.jar;C:\Users\Felipe\.m2\repository\org\seleniumhq\selenium\selenium-safari-driver\4.38.0\selenium-safari-driver-4.38.0.jar;C:\Users\Felipe\.m2\repository\org\seleniumhq\selenium\selenium-support\4.38.0\selenium-support-4.38.0.jar;C:\Users\Felipe\.m2\repository\io\github\bonigarcia\webdrivermanager\6.3.2\webdrivermanager-6.3.2.jar;C:\Users\Felipe\.m2\repository\org\slf4j\slf4j-api\2.0.17\slf4j-api-2.0.17.jar;C:\Users\Felipe\.m2\repository\com\google\code\gson\gson\2.13.2\gson-2.13.2.jar;C:\Users\Felipe\.m2\repository\com\google\errorprone\error_prone_annotations\2.41.0\error_prone_annotations-2.41.0.jar;C:\Users\Felipe\.m2\repository\com\github\docker-java\docker-java\3.6.0\docker-java-3.6.0.jar;C:\Users\Felipe\.m2\repository\com\github\docker-java\docker-java-core\3.6.0\docker-java-core-3.6.0.jar;C:\Users\Felipe\.m2\repository\com\github\docker-java\docker-java-api\3.6.0\docker-java-api-3.6.0.jar;C:\Users\Felipe\.m2\repository\com\fasterxml\jackson\core\jackson-annotations\2.19.2\jackson-annotations-2.19.2.jar;C:\Users\Felipe\.m2\repository\com\fasterxml\jackson\core\jackson-databind\2.19.2\jackson-databind-2.19.2.jar;C:\Users\Felipe\.m2\repository\com\fasterxml\jackson\core\jackson-core\2.19.2\jackson-core-2.19.2.jar;C:\Users\Felipe\.m2\repository\org\slf4j\jcl-over-slf4j\1.7.30\jcl-over-slf4j-1.7.30.jar;C:\Users\Felipe\.m2\repository\com\github\docker-java\docker-java-transport-httpclient5\3.6.0\docker-java-transport-httpclient5-3.6.0.jar;C:\Users\Felipe\.m2\repository\com\github\docker-java\docker-java-transport\3.6.0\docker-java-transport-3.6.0.jar;C:\Users\Felipe\.m2\repository\net\java\dev\jna\jna\5.17.0\jna-5.17.0.jar;C:\Users\Felipe\.m2\repository\org\brotli\dec\0.1.2\dec-0.1.2.jar;C:\Users\Felipe\.m2\repository\org\apache\commons\commons-lang3\3.18.0\commons-lang3-3.18.0.jar;C:\Users\Felipe\.m2\repository\org\apache\commons\commons-compress\1.28.0\commons-compress-1.28.0.jar;C:\Users\Felipe\.m2\repository\commons-codec\commons-codec\1.19.0\commons-codec-1.19.0.jar;C:\Users\Felipe\.m2\repository\commons-io\commons-io\2.20.0\commons-io-2.20.0.jar;C:\Users\Felipe\.m2\repository\org\apache\httpcomponents\client5\httpclient5\5.4.3\httpclient5-5.4.3.jar;C:\Users\Felipe\.m2\repository\org\apache\httpcomponents\core5\httpcore5\5.3.4\httpcore5-5.3.4.jar;C:\Users\Felipe\.m2\repository\org\apache\httpcomponents\core5\httpcore5-h2\5.3.4\httpcore5-h2-5.3.4.jar;C:\Users\Felipe\.m2\repository\io\cucumber\cucumber-java\7.30.0\cucumber-java-7.30.0.jar;C:\Users\Felipe\.m2\repository\io\cucumber\cucumber-core\7.30.0\cucumber-core-7.30.0.jar;C:\Users\Felipe\.m2\repository\io\cucumber\cucumber-gherkin\7.30.0\cucumber-gherkin-7.30.0.jar;C:\Users\Felipe\.m2\repository\io\cucumber\cucumber-gherkin-messages\7.30.0\cucumber-gherkin-messages-7.30.0.jar;C:\Users\Felipe\.m2\repository\io\cucumber\gherkin\35.1.0\gherkin-35.1.0.jar;C:\Users\Felipe\.m2\repository\org\assertj\assertj-core\3.27.5\assertj-core-3.27.5.jar;C:\Users\Felipe\.m2\repository\io\cucumber\messages\29.0.1\messages-29.0.1.jar;C:\Users\Felipe\.m2\repository\io\cucumber\pretty-formatter\2.3.0\pretty-formatter-2.3.0.jar;C:\Users\Felipe\.m2\repository\io\cucumber\query\14.6.0\query-14.6.0.jar;C:\Users\Felipe\.m2\repository\io\cucumber\teamcity-formatter\0.1.1\teamcity-formatter-0.1.1.jar;C:\Users\Felipe\.m2\repository\io\cucumber\testng-xml-formatter\0.6.0\testng-xml-formatter-0.6.0.jar;C:\Users\Felipe\.m2\repository\io\cucumber\tag-expressions\6.1.2\tag-expressions-6.1.2.jar;C:\Users\Felipe\.m2\repository\io\cucumber\cucumber-expressions\18.0.1\cucumber-expressions-18.0.1.jar;C:\Users\Felipe\.m2\repository\io\cucumber\cucumber-json-formatter\0.2.1\cucumber-json-formatter-0.2.1.jar;C:\Users\Felipe\.m2\repository\io\cucumber\datatable\7.30.0\datatable-7.30.0.jar;C:\Users\Felipe\.m2\repository\io\cucumber\cucumber-plugin\7.30.0\cucumber-plugin-7.30.0.jar;C:\Users\Felipe\.m2\repository\io\cucumber\docstring\7.30.0\docstring-7.30.0.jar;C:\Users\Felipe\.m2\repository\io\cucumber\html-formatter\21.15.1\html-formatter-21.15.1.jar;C:\Users\Felipe\.m2\repository\io\cucumber\junit-xml-formatter\0.9.0\junit-xml-formatter-0.9.0.jar;C:\Users\Felipe\.m2\repository\io\cucumber\ci-environment\10.0.1\ci-environment-10.0.1.jar;C:\Users\Felipe\.m2\repository\org\apiguardian\apiguardian-api\1.1.2\apiguardian-api-1.1.2.jar;C:\Users\Felipe\.m2\repository\io\cucumber\cucumber-junit\7.30.0\cucumber-junit-7.30.0.jar;C:\Users\Felipe\.m2\repository\junit\junit\4.13.2\junit-4.13.2.jar;C:\Users\Felipe\.m2\repository\org\hamcrest\hamcrest-core\1.3\hamcrest-core-1.3.jar;C:\Users\Felipe\AppData\Roaming\JetBrains\IdeaIC2025.1\plugins\cucumber-java\lib\cucumber-jvmFormatter.jar
Launcher Type: SUN_STANDARD

[Global flags]
     intx CICompilerCount                          = 3                                         {product} {ergonomic}
     uint ConcGCThreads                            = 1                                         {product} {ergonomic}
     uint G1ConcRefinementThreads                  = 4                                         {product} {ergonomic}
   size_t G1HeapRegionSize                         = 1048576                                   {product} {ergonomic}
   size_t InitialHeapSize                          = 134217728                                 {product} {ergonomic}
   size_t MarkStackSize                            = 4194304                                   {product} {ergonomic}
   size_t MarkStackSizeMax                         = 536870912                                 {product} {ergonomic}
   size_t MaxHeapSize                              = 2116026368                                {product} {ergonomic}
   size_t MaxNewSize                               = 1268776960                                {product} {ergonomic}
   size_t MinHeapDeltaBytes                        = 1048576                                   {product} {ergonomic}
   size_t MinHeapSize                              = 8388608                                   {product} {ergonomic}
    uintx NonNMethodCodeHeapSize                   = 5832704                                {pd product} {ergonomic}
    uintx NonProfiledCodeHeapSize                  = 122945536                              {pd product} {ergonomic}
    uintx ProfiledCodeHeapSize                     = 122880000                              {pd product} {ergonomic}
    uintx ReservedCodeCacheSize                    = 251658240                              {pd product} {ergonomic}
     bool SegmentedCodeCache                       = true                                      {product} {ergonomic}
   size_t SoftMaxHeapSize                          = 2116026368                             {manageable} {ergonomic}
     bool UseCompressedOops                        = true                           {product lp64_product} {ergonomic}
     bool UseG1GC                                  = true                                      {product} {ergonomic}
     bool UseLargePagesIndividualAllocation        = false                                  {pd product} {ergonomic}

Logging:
Log output configuration:
 #0: stdout all=warning uptime,level,tags foldmultilines=false
 #1: stderr all=off uptime,level,tags foldmultilines=false

Environment Variables:
PATH=C:\Program Files\Common Files\Oracle\Java\javapath;C:\Program Files (x86)\Common Files\Oracle\Java\javapath;C:\WINDOWS\system32;C:\WINDOWS;C:\WINDOWS\System32\Wbem;C:\WINDOWS\System32\WindowsPowerShell\v1.0\;C:\WINDOWS\System32\OpenSSH\;C:\ProgramData\chocolatey\bin;C:\Program Files (x86)\Microsoft SQL Server\150\DTS\Binn\;C:\Program Files\TortoiseSVN\bin;C:\Program Files\Git\cmd;C:\Program Files\Git\git-bash.exe;C:\Program Files\Java\jdk-21\bin;C:\Users\Felipe\AppData\Local\Microsoft\WindowsApps;;C:\Program Files\JetBrains\IntelliJ IDEA Community Edition 2025.1.1.1\bin;
USERNAME=Felipe
OS=Windows_NT
PROCESSOR_IDENTIFIER=Intel64 Family 6 Model 78 Stepping 3, GenuineIntel
TMP=C:\Users\Felipe\AppData\Local\Temp
TEMP=C:\Users\Felipe\AppData\Local\Temp




Periodic native trim disabled

---------------  S Y S T E M  ---------------

OS:
 Windows 11 , 64 bit Build 26100 (10.0.26100.1591)
OS uptime: 2 days 10:26 hours

CPU: total 4 (initial active 4) (2 cores per cpu, 2 threads per core) family 6 model 78 stepping 3 microcode 0xd6, cx8, cmov, fxsr, ht, mmx, 3dnowpref, sse, sse2, sse3, ssse3, sse4.1, sse4.2, popcnt, lzcnt, tsc, tscinvbit, avx, avx2, aes, erms, clmul, bmi1, bmi2, adx, fma, vzeroupper, clflush, clflushopt, rdtscp, f16c
Processor Information for the first 4 processors :
  Max Mhz: 1992, Current Mhz: 1992, Mhz Limit: 1992

Memory: 4k page, system-wide physical 8067M (1068M free)
TotalPageFile size 9091M (AvailPageFile size 1M)
current process WorkingSet (physical memory assigned to process): 62M, peak: 62M
current process commit charge ("private bytes"): 216M, peak: 216M

vm_info: OpenJDK 64-Bit Server VM (24.0.2+12-54) for windows-amd64 JRE (24.0.2+12-54), built on 2025-07-08T12:10:27Z with MS VC++ 17.6 (VS2022)

END.
