#
# There is insufficient memory for the Java Runtime Environment to continue.
# Native memory allocation (malloc) failed to allocate 4434576 bytes. Error detail: Chunk::new
# Possible reasons:
#   The system is out of physical RAM or swap space
#   This process is running with CompressedOops enabled, and the Java Heap may be blocking the growth of the native heap
# Possible solutions:
#   Reduce memory load on the system
#   Increase physical memory or swap space
#   Check if swap backing store is full
#   Decrease Java heap size (-Xmx/-Xms)
#   Decrease number of Java threads
#   Decrease Java thread stack sizes (-Xss)
#   Set larger code cache with -XX:ReservedCodeCacheSize=
#   JVM is running with Unscaled Compressed Oops mode in which the Java heap is
#     placed in the first 4GB address space. The Java Heap base address is the
#     maximum limit for the native heap growth. Please use -XX:HeapBaseMinAddress
#     to set the Java Heap base and to place the Java Heap above 4GB virtual address.
# This output file may be truncated or incomplete.
#
#  Out of Memory Error (arena.cpp:162), pid=10984, tid=5300
#
# JRE version: OpenJDK Runtime Environment (24.0.2+12) (build 24.0.2+12-54)
# Java VM: OpenJDK 64-Bit Server VM (24.0.2+12-54, mixed mode, sharing, tiered, compressed oops, compressed class ptrs, g1 gc, windows-amd64)
# No core dump will be written. Minidumps are not enabled by default on client versions of Windows
#

---------------  S U M M A R Y ------------

Command Line: -javaagent:C:\Users\Felipe\AppData\Local\JetBrains\IdeaIC2025.1\captureAgent\debugger-agent.jar=file:///C:/Users/Felipe/AppData/Local/Temp/capture12679970058167492699.props -ea -DnodeNamesHandler=org.jetbrains.plugins.cucumber.java.run.CucumberTestTreeNodeManager -Didea.test.cyclic.buffer.size=1048576 -javaagent:C:\Program Files\JetBrains\IntelliJ IDEA Community Edition 2025.1.1.1\lib\idea_rt.jar=61964 -Dkotlinx.coroutines.debug.enable.creation.stack.trace=false -Ddebugger.agent.enable.coroutines=true -Dkotlinx.coroutines.debug.enable.flows.stack.trace=true -Dkotlinx.coroutines.debug.enable.mutable.state.flows.stack.trace=true -Dfile.encoding=UTF-8 -Dsun.stdout.encoding=UTF-8 -Dsun.stderr.encoding=UTF-8 com.intellij.rt.junit.JUnitStarter -ideVersion5 runner.RunnerTest

Host: Intel(R) Core(TM) i3-6006U CPU @ 2.00GHz, 4 cores, 7G,  Windows 11 , 64 bit Build 26100 (10.0.26100.7019)
Time: Mon Nov  3 13:25:18 2025 Hora oficial do Brasil elapsed time: 9.604948 seconds (0d 0h 0m 9s)

---------------  T H R E A D  ---------------

Current thread (0x000001d136d71ec0):  JavaThread "C2 CompilerThread0" daemon [_thread_in_native, id=5300, stack(0x000000cdb5800000,0x000000cdb5900000) (1024K)]


Current CompileTask:
C2:9605 3249       4       jdk.internal.classfile.impl.SplitConstantPool::classEntry (68 bytes)

Stack: [0x000000cdb5800000,0x000000cdb5900000]
Native frames: (J=compiled Java code, j=interpreted, Vv=VM code, C=native code)
V  [jvm.dll+0x730829]  (no source info available)
V  [jvm.dll+0x8d9da3]  (no source info available)
V  [jvm.dll+0x8dc28d]  (no source info available)
V  [jvm.dll+0x8dc903]  (no source info available)
V  [jvm.dll+0x2a9f56]  (no source info available)
V  [jvm.dll+0xced7f]  (no source info available)
V  [jvm.dll+0xcefdf]  (no source info available)
V  [jvm.dll+0x154c83]  (no source info available)
V  [jvm.dll+0x73604f]  (no source info available)
V  [jvm.dll+0x26f8dc]  (no source info available)
V  [jvm.dll+0x26e8ff]  (no source info available)
V  [jvm.dll+0x1e9c90]  (no source info available)
V  [jvm.dll+0x27e0cb]  (no source info available)
V  [jvm.dll+0x27c36a]  (no source info available)
V  [jvm.dll+0x42f396]  (no source info available)
V  [jvm.dll+0x87d9eb]  (no source info available)
V  [jvm.dll+0x72ef45]  (no source info available)
C  [ucrtbase.dll+0x37b0]  (no source info available)
C  [KERNEL32.DLL+0x2e8d7]  (no source info available)
C  [ntdll.dll+0x8c53c]  (no source info available)

Lock stack of current Java thread (top to bottom):


---------------  P R O C E S S  ---------------

Threads class SMR info:
_java_thread_list=0x000001d17e29ae20, length=30, elements={
0x000001d1182df3b0, 0x000001d136d29870, 0x000001d136d2b110, 0x000001d136d31210,
0x000001d136d31d40, 0x000001d136d3b3f0, 0x000001d136d610a0, 0x000001d136d71ec0,
0x000001d136d72a40, 0x000001d17c116ba0, 0x000001d17c3fe770, 0x000001d17c4a56f0,
0x000001d17c4e42f0, 0x000001d17d937770, 0x000001d17d937ec0, 0x000001d17d936180,
0x000001d17d938610, 0x000001d17d935a30, 0x000001d17d937020, 0x000001d17dffc3b0,
0x000001d17dffa670, 0x000001d17dffd250, 0x000001d17dffd9a0, 0x000001d17dffe0f0,
0x000001d17dffadc0, 0x000001d17dffe840, 0x000001d17dffb510, 0x000001d17dfffe30,
0x000001d17dffef90, 0x000001d17e001b70
}

Java Threads: ( => current thread )
  0x000001d1182df3b0 JavaThread "Forwarding findElement on session f0022bb42261cefaa198e1a000f7c737 to remote"        [_thread_blocked, id=18396, stack(0x000000cdb4a00000,0x000000cdb4b00000) (1024K)]
  0x000001d136d29870 JavaThread "Reference Handler"          daemon [_thread_blocked, id=15692, stack(0x000000cdb5200000,0x000000cdb5300000) (1024K)]
  0x000001d136d2b110 JavaThread "Finalizer"                  daemon [_thread_blocked, id=19164, stack(0x000000cdb5300000,0x000000cdb5400000) (1024K)]
  0x000001d136d31210 JavaThread "Signal Dispatcher"          daemon [_thread_blocked, id=19796, stack(0x000000cdb5400000,0x000000cdb5500000) (1024K)]
  0x000001d136d31d40 JavaThread "Attach Listener"            daemon [_thread_blocked, id=14248, stack(0x000000cdb5500000,0x000000cdb5600000) (1024K)]
  0x000001d136d3b3f0 JavaThread "Service Thread"             daemon [_thread_blocked, id=5292, stack(0x000000cdb5600000,0x000000cdb5700000) (1024K)]
  0x000001d136d610a0 JavaThread "Monitor Deflation Thread"   daemon [_thread_blocked, id=19892, stack(0x000000cdb5700000,0x000000cdb5800000) (1024K)]
=>0x000001d136d71ec0 JavaThread "C2 CompilerThread0"         daemon [_thread_in_native, id=5300, stack(0x000000cdb5800000,0x000000cdb5900000) (1024K)]
  0x000001d136d72a40 JavaThread "C1 CompilerThread0"         daemon [_thread_blocked, id=18232, stack(0x000000cdb5900000,0x000000cdb5a00000) (1024K)]
  0x000001d17c116ba0 JavaThread "Common-Cleaner"             daemon [_thread_blocked, id=2856, stack(0x000000cdb5a00000,0x000000cdb5b00000) (1024K)]
  0x000001d17c3fe770 JavaThread "IntelliJ Suspend Helper"    daemon [_thread_blocked, id=16560, stack(0x000000cdb5b00000,0x000000cdb5c00000) (1024K)]
  0x000001d17c4a56f0 JavaThread "Monitor Ctrl-Break"         daemon [_thread_in_native, id=19676, stack(0x000000cdb5c00000,0x000000cdb5d00000) (1024K)]
  0x000001d17c4e42f0 JavaThread "Notification Thread"        daemon [_thread_blocked, id=2368, stack(0x000000cdb5d00000,0x000000cdb5e00000) (1024K)]
  0x000001d17d937770 JavaThread "ForkJoinPool.commonPool-worker-1" daemon [_thread_blocked, id=14628, stack(0x000000cdb6100000,0x000000cdb6200000) (1024K)]
  0x000001d17d937ec0 JavaThread "HttpClient-1-SelectorManager" daemon [_thread_in_native, id=5552, stack(0x000000cdb6300000,0x000000cdb6400000) (1024K)]
  0x000001d17d936180 JavaThread "External Process Output Forwarder - C:\Users\Felipe\.cache\selenium\msedgedriver\win64\142.0.3595.53\msedgedriver.exe" daemon [_thread_in_native, id=11976, stack(0x000000cdb6400000,0x000000cdb6500000) (1024K)]
  0x000001d17d938610 JavaThread "Driver Service Executor"    daemon [_thread_blocked, id=19808, stack(0x000000cdb6200000,0x000000cdb6300000) (1024K)]
  0x000001d17d935a30 JavaThread "Driver Service Executor"    daemon [_thread_in_native, id=7284, stack(0x000000cdb6500000,0x000000cdb6600000) (1024K)]
  0x000001d17d937020 JavaThread "UrlChecker-2"               daemon [_thread_blocked, id=18744, stack(0x000000cdb6600000,0x000000cdb6700000) (1024K)]
  0x000001d17dffc3b0 JavaThread "Keep-Alive-Timer"           daemon [_thread_blocked, id=9072, stack(0x000000cdb6800000,0x000000cdb6900000) (1024K)]
  0x000001d17dffa670 JavaThread "JdkHttpClient-0-0"          daemon [_thread_blocked, id=12488, stack(0x000000cdb6900000,0x000000cdb6a00000) (1024K)]
  0x000001d17dffd250 JavaThread "CompletableFutureDelayScheduler" daemon [_thread_blocked, id=2308, stack(0x000000cdb6a00000,0x000000cdb6b00000) (1024K)]
  0x000001d17dffd9a0 JavaThread "JdkHttpClient-0-1"          daemon [_thread_blocked, id=20168, stack(0x000000cdb6b00000,0x000000cdb6c00000) (1024K)]
  0x000001d17dffe0f0 JavaThread "JdkHttpClient-0-2"          daemon [_thread_blocked, id=1688, stack(0x000000cdb6c00000,0x000000cdb6d00000) (1024K)]
  0x000001d17dffadc0 JavaThread "JdkHttpClient-0-3"          daemon [_thread_blocked, id=20252, stack(0x000000cdb6d00000,0x000000cdb6e00000) (1024K)]
  0x000001d17dffe840 JavaThread "HttpClient-2-SelectorManager" daemon [_thread_in_native, id=2396, stack(0x000000cdb6e00000,0x000000cdb6f00000) (1024K)]
  0x000001d17dffb510 JavaThread "JdkHttpClient-1-0"          daemon [_thread_blocked, id=17284, stack(0x000000cdb6f00000,0x000000cdb7000000) (1024K)]
  0x000001d17dfffe30 JavaThread "JdkHttpClient-1-1"          daemon [_thread_blocked, id=7016, stack(0x000000cdb7000000,0x000000cdb7100000) (1024K)]
  0x000001d17dffef90 JavaThread "JdkHttpClient-1-2"          daemon [_thread_blocked, id=16992, stack(0x000000cdb7100000,0x000000cdb7200000) (1024K)]
  0x000001d17e001b70 JavaThread "JdkHttpClient-1-3"          daemon [_thread_blocked, id=19284, stack(0x000000cdb7200000,0x000000cdb7300000) (1024K)]
Total: 30

Other Threads:
  0x000001d136d189a0 VMThread "VM Thread"                           [id=6292, stack(0x000000cdb5100000,0x000000cdb5200000) (1024K)]
  0x000001d136be8d20 WatcherThread "VM Periodic Task Thread"        [id=13868, stack(0x000000cdb5000000,0x000000cdb5100000) (1024K)]
  0x000001d11a769660 WorkerThread "GC Thread#0"                     [id=18352, stack(0x000000cdb4b00000,0x000000cdb4c00000) (1024K)]
  0x000001d17d252d40 WorkerThread "GC Thread#1"                     [id=9776, stack(0x000000cdb5e00000,0x000000cdb5f00000) (1024K)]
  0x000001d17d27c2a0 WorkerThread "GC Thread#2"                     [id=2220, stack(0x000000cdb5f00000,0x000000cdb6000000) (1024K)]
  0x000001d17d27ce40 WorkerThread "GC Thread#3"                     [id=20456, stack(0x000000cdb6000000,0x000000cdb6100000) (1024K)]
  0x000001d11839ded0 ConcurrentGCThread "G1 Main Marker"            [id=14640, stack(0x000000cdb4c00000,0x000000cdb4d00000) (1024K)]
  0x000001d11839e7f0 WorkerThread "G1 Conc#0"                       [id=18656, stack(0x000000cdb4d00000,0x000000cdb4e00000) (1024K)]
  0x000001d11a7be440 ConcurrentGCThread "G1 Refine#0"               [id=10080, stack(0x000000cdb4e00000,0x000000cdb4f00000) (1024K)]
  0x000001d136bd2160 ConcurrentGCThread "G1 Service"                [id=19268, stack(0x000000cdb4f00000,0x000000cdb5000000) (1024K)]
Total: 10

Threads with active compile tasks:
C2 CompilerThread0  9767 3249       4       jdk.internal.classfile.impl.SplitConstantPool::classEntry (68 bytes)
Total: 1

VM state: not at safepoint (normal execution)

VM Mutex/Monitor currently owned by a thread: None

Heap address: 0x0000000081e00000, size: 2018 MB, Compressed Oops mode: 32-bit

CDS archive(s) mapped at: [0x000001d137000000-0x000001d137d40000-0x000001d137d40000), size 13893632, SharedBaseAddress: 0x000001d137000000, ArchiveRelocationMode: 1.
Compressed class space mapped at: 0x000001d138000000-0x000001d178000000, reserved size: 1073741824
UseCompressedClassPointers 1, UseCompactObjectHeaders 0
Narrow klass pointer bits 32, Max shift 3
Narrow klass base: 0x000001d137000000, Narrow klass shift: 0
Encoding Range: [0x000001d137000000 - 0x000001d237000000), (4294967296 bytes)
Klass Range:    [0x000001d137000000 - 0x000001d178000000), (1090519040 bytes)
Klass ID Range:  [8 - 1090519033) (1090519025)

GC Precious Log:
 CardTable entry size: 512
 Card Set container configuration: InlinePtr #cards 5 size 8 Array Of Cards #cards 10 size 36 Howl #buckets 4 coarsen threshold 1843 Howl Bitmap #cards 512 size 80 coarsen threshold 460 Card regions per heap region 1 cards per card region 2048
 CPUs: 4 total, 4 available
 Memory: 8067M
 Large Page Support: Disabled
 NUMA Support: Disabled
 Compressed Oops: Enabled (32-bit)
 Heap Region Size: 1M
 Heap Min Capacity: 8M
 Heap Initial Capacity: 128M
 Heap Max Capacity: 2018M
 Pre-touch: Disabled
 Parallel Workers: 4
 Concurrent Workers: 1
 Concurrent Refinement Workers: 4
 Periodic GC: Disabled

Heap:
 garbage-first heap   total reserved 2066432K, committed 65536K, used 34683K [0x0000000081e00000, 0x0000000100000000)
  region size 1024K, 20 young (20480K), 2 survivors (2048K)
 Metaspace       used 23132K, committed 23424K, reserved 1114112K
  class space    used 2301K, committed 2432K, reserved 1048576K

Heap Regions: E=young(eden), S=young(survivor), O=old, HS=humongous(starts), HC=humongous(continues), CS=collection set, F=free, TAMS=top-at-mark-start, PB=parsable bottom
|   0|0x0000000081e00000, 0x0000000081f00000, 0x0000000081f00000|100%|HS|  |TAMS 0x0000000081e00000| PB 0x0000000081e00000| Complete |  0
|   1|0x0000000081f00000, 0x0000000082000000, 0x0000000082000000|100%| O|  |TAMS 0x0000000081f00000| PB 0x0000000081f00000| Untracked |  0
|   2|0x0000000082000000, 0x0000000082100000, 0x0000000082100000|100%| O|  |TAMS 0x0000000082000000| PB 0x0000000082000000| Untracked |  0
|   3|0x0000000082100000, 0x0000000082200000, 0x0000000082200000|100%| O|  |TAMS 0x0000000082100000| PB 0x0000000082100000| Untracked |  0
|   4|0x0000000082200000, 0x0000000082300000, 0x0000000082300000|100%| O|  |TAMS 0x0000000082200000| PB 0x0000000082200000| Untracked |  0
|   5|0x0000000082300000, 0x0000000082400000, 0x0000000082400000|100%| O|  |TAMS 0x0000000082300000| PB 0x0000000082300000| Untracked |  0
|   6|0x0000000082400000, 0x0000000082500000, 0x0000000082500000|100%| O|  |TAMS 0x0000000082400000| PB 0x0000000082400000| Untracked |  0
|   7|0x0000000082500000, 0x0000000082600000, 0x0000000082600000|100%| O|  |TAMS 0x0000000082500000| PB 0x0000000082500000| Untracked |  0
|   8|0x0000000082600000, 0x0000000082700000, 0x0000000082700000|100%| O|  |TAMS 0x0000000082600000| PB 0x0000000082600000| Untracked |  0
|   9|0x0000000082700000, 0x0000000082800000, 0x0000000082800000|100%| O|  |TAMS 0x0000000082700000| PB 0x0000000082700000| Untracked |  0
|  10|0x0000000082800000, 0x0000000082900000, 0x0000000082900000|100%| O|  |TAMS 0x0000000082800000| PB 0x0000000082800000| Untracked |  0
|  11|0x0000000082900000, 0x0000000082a00000, 0x0000000082a00000|100%| O|  |TAMS 0x0000000082900000| PB 0x0000000082900000| Untracked |  0
|  12|0x0000000082a00000, 0x0000000082b00000, 0x0000000082b00000|100%| O|  |TAMS 0x0000000082a00000| PB 0x0000000082a00000| Untracked |  0
|  13|0x0000000082b00000, 0x0000000082c00000, 0x0000000082c00000|100%| O|  |TAMS 0x0000000082b00000| PB 0x0000000082b00000| Untracked |  0
|  14|0x0000000082c00000, 0x0000000082c5e000, 0x0000000082d00000| 36%| O|  |TAMS 0x0000000082c00000| PB 0x0000000082c00000| Untracked |  0
|  15|0x0000000082d00000, 0x0000000082d00000, 0x0000000082e00000|  0%| F|  |TAMS 0x0000000082d00000| PB 0x0000000082d00000| Untracked |  0
|  16|0x0000000082e00000, 0x0000000082e00000, 0x0000000082f00000|  0%| F|  |TAMS 0x0000000082e00000| PB 0x0000000082e00000| Untracked |  0
|  17|0x0000000082f00000, 0x0000000082f00000, 0x0000000083000000|  0%| F|  |TAMS 0x0000000082f00000| PB 0x0000000082f00000| Untracked |  0
|  18|0x0000000083000000, 0x0000000083000000, 0x0000000083100000|  0%| F|  |TAMS 0x0000000083000000| PB 0x0000000083000000| Untracked |  0
|  19|0x0000000083100000, 0x0000000083100000, 0x0000000083200000|  0%| F|  |TAMS 0x0000000083100000| PB 0x0000000083100000| Untracked |  0
|  20|0x0000000083200000, 0x0000000083200000, 0x0000000083300000|  0%| F|  |TAMS 0x0000000083200000| PB 0x0000000083200000| Untracked |  0
|  21|0x0000000083300000, 0x0000000083300000, 0x0000000083400000|  0%| F|  |TAMS 0x0000000083300000| PB 0x0000000083300000| Untracked |  0
|  22|0x0000000083400000, 0x0000000083400000, 0x0000000083500000|  0%| F|  |TAMS 0x0000000083400000| PB 0x0000000083400000| Untracked |  0
|  23|0x0000000083500000, 0x0000000083500000, 0x0000000083600000|  0%| F|  |TAMS 0x0000000083500000| PB 0x0000000083500000| Untracked |  0
|  24|0x0000000083600000, 0x0000000083600000, 0x0000000083700000|  0%| F|  |TAMS 0x0000000083600000| PB 0x0000000083600000| Untracked |  0
|  25|0x0000000083700000, 0x0000000083700000, 0x0000000083800000|  0%| F|  |TAMS 0x0000000083700000| PB 0x0000000083700000| Untracked |  0
|  26|0x0000000083800000, 0x0000000083800000, 0x0000000083900000|  0%| F|  |TAMS 0x0000000083800000| PB 0x0000000083800000| Untracked |  0
|  27|0x0000000083900000, 0x0000000083900000, 0x0000000083a00000|  0%| F|  |TAMS 0x0000000083900000| PB 0x0000000083900000| Untracked |  0
|  28|0x0000000083a00000, 0x0000000083a00000, 0x0000000083b00000|  0%| F|  |TAMS 0x0000000083a00000| PB 0x0000000083a00000| Untracked |  0
|  29|0x0000000083b00000, 0x0000000083b00000, 0x0000000083c00000|  0%| F|  |TAMS 0x0000000083b00000| PB 0x0000000083b00000| Untracked |  0
|  30|0x0000000083c00000, 0x0000000083c00000, 0x0000000083d00000|  0%| F|  |TAMS 0x0000000083c00000| PB 0x0000000083c00000| Untracked |  0
|  31|0x0000000083d00000, 0x0000000083d00000, 0x0000000083e00000|  0%| F|  |TAMS 0x0000000083d00000| PB 0x0000000083d00000| Untracked |  0
|  32|0x0000000083e00000, 0x0000000083e00000, 0x0000000083f00000|  0%| F|  |TAMS 0x0000000083e00000| PB 0x0000000083e00000| Untracked |  0
|  33|0x0000000083f00000, 0x0000000083f00000, 0x0000000084000000|  0%| F|  |TAMS 0x0000000083f00000| PB 0x0000000083f00000| Untracked |  0
|  34|0x0000000084000000, 0x0000000084000000, 0x0000000084100000|  0%| F|  |TAMS 0x0000000084000000| PB 0x0000000084000000| Untracked |  0
|  35|0x0000000084100000, 0x0000000084100000, 0x0000000084200000|  0%| F|  |TAMS 0x0000000084100000| PB 0x0000000084100000| Untracked |  0
|  36|0x0000000084200000, 0x0000000084200000, 0x0000000084300000|  0%| F|  |TAMS 0x0000000084200000| PB 0x0000000084200000| Untracked |  0
|  37|0x0000000084300000, 0x0000000084300000, 0x0000000084400000|  0%| F|  |TAMS 0x0000000084300000| PB 0x0000000084300000| Untracked |  0
|  38|0x0000000084400000, 0x0000000084400000, 0x0000000084500000|  0%| F|  |TAMS 0x0000000084400000| PB 0x0000000084400000| Untracked |  0
|  39|0x0000000084500000, 0x0000000084500000, 0x0000000084600000|  0%| F|  |TAMS 0x0000000084500000| PB 0x0000000084500000| Untracked |  0
|  40|0x0000000084600000, 0x0000000084600000, 0x0000000084700000|  0%| F|  |TAMS 0x0000000084600000| PB 0x0000000084600000| Untracked |  0
|  41|0x0000000084700000, 0x0000000084700000, 0x0000000084800000|  0%| F|  |TAMS 0x0000000084700000| PB 0x0000000084700000| Untracked |  0
|  42|0x0000000084800000, 0x000000008486a670, 0x0000000084900000| 41%| E|  |TAMS 0x0000000084800000| PB 0x0000000084800000| Complete |  0
|  43|0x0000000084900000, 0x0000000084a00000, 0x0000000084a00000|100%| E|CS|TAMS 0x0000000084900000| PB 0x0000000084900000| Complete |  0
|  44|0x0000000084a00000, 0x0000000084b00000, 0x0000000084b00000|100%| E|CS|TAMS 0x0000000084a00000| PB 0x0000000084a00000| Complete |  0
|  45|0x0000000084b00000, 0x0000000084c00000, 0x0000000084c00000|100%| E|CS|TAMS 0x0000000084b00000| PB 0x0000000084b00000| Complete |  0
|  46|0x0000000084c00000, 0x0000000084d00000, 0x0000000084d00000|100%| E|CS|TAMS 0x0000000084c00000| PB 0x0000000084c00000| Complete |  0
|  47|0x0000000084d00000, 0x0000000084e00000, 0x0000000084e00000|100%| E|CS|TAMS 0x0000000084d00000| PB 0x0000000084d00000| Complete |  0
|  48|0x0000000084e00000, 0x0000000084f00000, 0x0000000084f00000|100%| E|CS|TAMS 0x0000000084e00000| PB 0x0000000084e00000| Complete |  0
|  49|0x0000000084f00000, 0x0000000085000000, 0x0000000085000000|100%| E|CS|TAMS 0x0000000084f00000| PB 0x0000000084f00000| Complete |  0
|  50|0x0000000085000000, 0x0000000085100000, 0x0000000085100000|100%| E|CS|TAMS 0x0000000085000000| PB 0x0000000085000000| Complete |  0
|  51|0x0000000085100000, 0x0000000085200000, 0x0000000085200000|100%| E|CS|TAMS 0x0000000085100000| PB 0x0000000085100000| Complete |  0
|  52|0x0000000085200000, 0x0000000085300000, 0x0000000085300000|100%| E|CS|TAMS 0x0000000085200000| PB 0x0000000085200000| Complete |  0
|  53|0x0000000085300000, 0x0000000085400000, 0x0000000085400000|100%| E|CS|TAMS 0x0000000085300000| PB 0x0000000085300000| Complete |  0
|  54|0x0000000085400000, 0x0000000085500000, 0x0000000085500000|100%| E|CS|TAMS 0x0000000085400000| PB 0x0000000085400000| Complete |  0
|  55|0x0000000085500000, 0x0000000085600000, 0x0000000085600000|100%| E|CS|TAMS 0x0000000085500000| PB 0x0000000085500000| Complete |  0
|  56|0x0000000085600000, 0x0000000085700000, 0x0000000085700000|100%| E|CS|TAMS 0x0000000085600000| PB 0x0000000085600000| Complete |  0
|  57|0x0000000085700000, 0x0000000085800000, 0x0000000085800000|100%| E|CS|TAMS 0x0000000085700000| PB 0x0000000085700000| Complete |  0
| 106|0x0000000088800000, 0x0000000088864ca0, 0x0000000088900000| 39%| S|CS|TAMS 0x0000000088800000| PB 0x0000000088800000| Complete |  0
| 107|0x0000000088900000, 0x0000000088a00000, 0x0000000088a00000|100%| S|CS|TAMS 0x0000000088900000| PB 0x0000000088900000| Complete |  0
| 126|0x0000000089c00000, 0x0000000089d00000, 0x0000000089d00000|100%| E|CS|TAMS 0x0000000089c00000| PB 0x0000000089c00000| Complete |  0
| 127|0x0000000089d00000, 0x0000000089e00000, 0x0000000089e00000|100%| E|CS|TAMS 0x0000000089d00000| PB 0x0000000089d00000| Complete |  0
|2016|0x00000000ffe00000, 0x00000000fff00000, 0x00000000fff00000|100%| O|  |TAMS 0x00000000ffe00000| PB 0x00000000ffe00000| Untracked |  0
|2017|0x00000000fff00000, 0x00000000fff1c330, 0x0000000100000000| 11%| O|Cm|TAMS 0x00000000fff00000| PB 0x00000000fff00000| Complete |  0

Card table byte_map: [0x000001d1323a0000,0x000001d1327a0000] _byte_map_base: 0x000001d131f91000

Marking Bits: (CMBitMap*) 0x000001d11a769b80
 Bits: [0x000001d1327a0000, 0x000001d134728000)

Polling page: 0x000001d119d20000

Metaspace:

Usage:
  Non-class:     20.34 MB used.
      Class:      2.25 MB used.
       Both:     22.59 MB used.

Virtual space:
  Non-class space:       64.00 MB reserved,      20.50 MB ( 32%) committed,  1 nodes.
      Class space:        1.00 GB reserved,       2.38 MB ( <1%) committed,  1 nodes.
             Both:        1.06 GB reserved,      22.88 MB (  2%) committed. 

Chunk freelists:
   Non-Class:  11.01 MB
       Class:  13.45 MB
        Both:  24.46 MB

MaxMetaspaceSize: unlimited
CompressedClassSpaceSize: 1.00 GB
Initial GC threshold: 21.00 MB
Current GC threshold: 35.31 MB
CDS: on
 - commit_granule_bytes: 65536.
 - commit_granule_words: 8192.
 - virtual_space_node_default_size: 8388608.
 - enlarge_chunks_in_place: 1.
UseCompressedClassPointers 1, UseCompactObjectHeaders 0
Narrow klass pointer bits 32, Max shift 3
Narrow klass base: 0x000001d137000000, Narrow klass shift: 0
Encoding Range: [0x000001d137000000 - 0x000001d237000000), (4294967296 bytes)
Klass Range:    [0x000001d137000000 - 0x000001d178000000), (1090519040 bytes)
Klass ID Range:  [8 - 1090519033) (1090519025)


Internal statistics:

num_allocs_failed_limit: 3.
num_arena_births: 272.
num_arena_deaths: 0.
num_vsnodes_births: 2.
num_vsnodes_deaths: 0.
num_space_committed: 366.
num_space_uncommitted: 0.
num_chunks_returned_to_freelist: 3.
num_chunks_taken_from_freelist: 756.
num_chunk_merges: 0.
num_chunk_splits: 443.
num_chunks_enlarged: 303.
num_inconsistent_stats: 0.

CodeHeap 'non-profiled nmethods': size=120064Kb used=1114Kb max_used=1114Kb free=118949Kb
 bounds [0x000001d12aa60000, 0x000001d12acd0000, 0x000001d131fa0000]
CodeHeap 'profiled nmethods': size=120000Kb used=5785Kb max_used=5785Kb free=114214Kb
 bounds [0x000001d122fa0000, 0x000001d123550000, 0x000001d12a4d0000]
CodeHeap 'non-nmethods': size=5696Kb used=1414Kb max_used=1467Kb free=4281Kb
 bounds [0x000001d12a4d0000, 0x000001d12a740000, 0x000001d12aa60000]
CodeCache: size=245760Kb, used=8313Kb, max_used=8366Kb, free=237444Kb
 total_blobs=3857, nmethods=3275, adapters=485, full_count=0
Compilation: enabled, stopped_count=0, restarted_count=0

Compilation events (20 events):
Event: 9.570 Thread 0x000001d136d72a40 3274       1       jdk.internal.net.http.common.HttpBodySubscriberWrapper::id (5 bytes)
Event: 9.570 Thread 0x000001d136d72a40 nmethod 3274 0x000001d12ab76808 code [0x000001d12ab76900, 0x000001d12ab769c8]
Event: 9.572 Thread 0x000001d136d72a40 3275       3       jdk.internal.net.http.common.Deadline::until (13 bytes)
Event: 9.572 Thread 0x000001d136d72a40 nmethod 3275 0x000001d123543588 code [0x000001d1235436a0, 0x000001d123543868]
Event: 9.572 Thread 0x000001d136d72a40 3276       3       java.time.Instant::millisUntil (94 bytes)
Event: 9.573 Thread 0x000001d136d72a40 nmethod 3276 0x000001d123543888 code [0x000001d1235439e0, 0x000001d123543d48]
Event: 9.573 Thread 0x000001d136d72a40 3277       3       java.lang.Iterable::forEach (39 bytes)
Event: 9.573 Thread 0x000001d136d72a40 nmethod 3277 0x000001d123543d88 code [0x000001d123543f00, 0x000001d123544528]
Event: 9.577 Thread 0x000001d136d72a40 3278       3       java.nio.channels.spi.AbstractSelectionKey::isValid (13 bytes)
Event: 9.578 Thread 0x000001d136d72a40 nmethod 3278 0x000001d123544588 code [0x000001d1235446a0, 0x000001d1235447f8]
Event: 9.579 Thread 0x000001d136d72a40 3279       3       java.lang.invoke.Invokers$Holder::linkToTargetMethod (13 bytes)
Event: 9.579 Thread 0x000001d136d72a40 nmethod 3279 0x000001d123544888 code [0x000001d1235449c0, 0x000001d123544e70]
Event: 9.579 Thread 0x000001d136d72a40 3280       3       java.lang.invoke.LambdaForm$DMH/0x000001d138010400::newInvokeSpecial (30 bytes)
Event: 9.580 Thread 0x000001d136d72a40 nmethod 3280 0x000001d123544e88 code [0x000001d123544fe0, 0x000001d1235457c0]
Event: 9.580 Thread 0x000001d136d72a40 3281       3       com.intellij.rt.debugger.agent.CaptureStorage::access$500 (4 bytes)
Event: 9.580 Thread 0x000001d136d72a40 nmethod 3281 0x000001d123545808 code [0x000001d123545920, 0x000001d123545a10]
Event: 9.583 Thread 0x000001d136d72a40 3282       3       jdk.internal.net.http.common.Demand::tryDecrement (16 bytes)
Event: 9.583 Thread 0x000001d136d72a40 nmethod 3282 0x000001d123545b08 code [0x000001d123545c20, 0x000001d123545e38]
Event: 9.583 Thread 0x000001d136d72a40 3283       3       jdk.internal.net.http.common.Demand::decreaseAndGet (52 bytes)
Event: 9.591 Thread 0x000001d136d72a40 nmethod 3283 0x000001d123545e88 code [0x000001d123546000, 0x000001d123546580]

GC Heap History (6 events):
Event: 2.499 GC heap before
{Heap before GC invocations=0 (full 0):
 garbage-first heap   total reserved 2066432K, committed 133120K, used 30832K [0x0000000081e00000, 0x0000000100000000)
  region size 1024K, 28 young (28672K), 0 survivors (0K)
 Metaspace       used 8480K, committed 8704K, reserved 1114112K
  class space    used 807K, committed 896K, reserved 1048576K
}
Event: 2.509 GC heap after
{Heap after GC invocations=1 (full 0):
 garbage-first heap   total reserved 2066432K, committed 133120K, used 6896K [0x0000000081e00000, 0x0000000100000000)
  region size 1024K, 4 young (4096K), 4 survivors (4096K)
 Metaspace       used 8480K, committed 8704K, reserved 1114112K
  class space    used 807K, committed 896K, reserved 1048576K
}
Event: 4.337 GC heap before
{Heap before GC invocations=1 (full 0):
 garbage-first heap   total reserved 2066432K, committed 133120K, used 59120K [0x0000000081e00000, 0x0000000100000000)
  region size 1024K, 56 young (57344K), 4 survivors (4096K)
 Metaspace       used 17000K, committed 17216K, reserved 1114112K
  class space    used 1546K, committed 1664K, reserved 1048576K
}
Event: 4.362 GC heap after
{Heap after GC invocations=2 (full 0):
 garbage-first heap   total reserved 2066432K, committed 133120K, used 15429K [0x0000000081e00000, 0x0000000100000000)
  region size 1024K, 7 young (7168K), 7 survivors (7168K)
 Metaspace       used 17000K, committed 17216K, reserved 1114112K
  class space    used 1546K, committed 1664K, reserved 1048576K
}
Event: 5.002 GC heap before
{Heap before GC invocations=2 (full 0):
 garbage-first heap   total reserved 2066432K, committed 133120K, used 34885K [0x0000000081e00000, 0x0000000100000000)
  region size 1024K, 27 young (27648K), 7 survivors (7168K)
 Metaspace       used 21220K, committed 21504K, reserved 1114112K
  class space    used 2050K, committed 2176K, reserved 1048576K
}
Event: 5.022 GC heap after
{Heap after GC invocations=3 (full 0):
 garbage-first heap   total reserved 2066432K, committed 133120K, used 17275K [0x0000000081e00000, 0x0000000100000000)
  region size 1024K, 2 young (2048K), 2 survivors (2048K)
 Metaspace       used 21220K, committed 21504K, reserved 1114112K
  class space    used 2050K, committed 2176K, reserved 1048576K
}

Dll operation events (13 events):
Event: 0.164 Loaded shared library C:\Users\Felipe\.jdks\openjdk-24.0.2+12-54\bin\java.dll
Event: 0.168 Loaded shared library C:\Users\Felipe\.jdks\openjdk-24.0.2+12-54\bin\zip.dll
Event: 0.259 Loaded shared library C:\Users\Felipe\.jdks\openjdk-24.0.2+12-54\bin\jsvml.dll
Event: 0.506 Loaded shared library C:\Users\Felipe\.jdks\openjdk-24.0.2+12-54\bin\instrument.dll
Event: 0.633 Loaded shared library C:\Users\Felipe\.jdks\openjdk-24.0.2+12-54\bin\net.dll
Event: 0.638 Loaded shared library C:\Users\Felipe\.jdks\openjdk-24.0.2+12-54\bin\nio.dll
Event: 0.660 Loaded shared library C:\Users\Felipe\.jdks\openjdk-24.0.2+12-54\bin\zip.dll
Event: 0.700 Loaded shared library C:\Users\Felipe\.jdks\openjdk-24.0.2+12-54\bin\extnet.dll
Event: 0.871 Loaded shared library C:\Users\Felipe\.jdks\openjdk-24.0.2+12-54\bin\verify.dll
Event: 1.212 Loaded shared library C:\Users\Felipe\.jdks\openjdk-24.0.2+12-54\bin\jimage.dll
Event: 4.292 Loaded shared library C:\Users\Felipe\.jdks\openjdk-24.0.2+12-54\bin\management.dll
Event: 4.296 Loaded shared library C:\Users\Felipe\.jdks\openjdk-24.0.2+12-54\bin\management_ext.dll
Event: 4.565 Loaded shared library C:\Users\Felipe\.jdks\openjdk-24.0.2+12-54\bin\sunmscapi.dll

Deoptimization events (20 events):
Event: 6.950 Thread 0x000001d1182df3b0 Uncommon trap: trap_request=0xffffff6e fr.pc=0x000001d12ab5e678 relative=0x0000000000000278
Event: 6.950 Thread 0x000001d1182df3b0 Uncommon trap: reason=loop_limit_check action=maybe_recompile pc=0x000001d12ab5e678 method=java.math.BigInteger.implMulAdd([I[IIII)I @ 26 c2
Event: 6.950 Thread 0x000001d1182df3b0 DEOPT PACKING pc=0x000001d12ab5e678 sp=0x000000cdb4af9d70
Event: 6.950 Thread 0x000001d1182df3b0 DEOPT UNPACKING pc=0x000001d12a5e5c82 sp=0x000000cdb4af9cc0 mode 2
Event: 7.232 Thread 0x000001d1182df3b0 Uncommon trap: trap_request=0xffffff66 fr.pc=0x000001d12ab380d4 relative=0x00000000000004f4
Event: 7.232 Thread 0x000001d1182df3b0 Uncommon trap: reason=speculate_class_check action=maybe_recompile pc=0x000001d12ab380d4 method=java.lang.String.<init>(Ljava/lang/AbstractStringBuilder;Ljava/lang/Void;)V @ 10 c2
Event: 7.232 Thread 0x000001d1182df3b0 DEOPT PACKING pc=0x000001d12ab380d4 sp=0x000000cdb4afd380
Event: 7.232 Thread 0x000001d1182df3b0 DEOPT UNPACKING pc=0x000001d12a5e5c82 sp=0x000000cdb4afd350 mode 2
Event: 7.341 Thread 0x000001d1182df3b0 Uncommon trap: trap_request=0xffffff66 fr.pc=0x000001d12ab380d4 relative=0x00000000000004f4
Event: 7.341 Thread 0x000001d1182df3b0 Uncommon trap: reason=speculate_class_check action=maybe_recompile pc=0x000001d12ab380d4 method=java.lang.String.<init>(Ljava/lang/AbstractStringBuilder;Ljava/lang/Void;)V @ 10 c2
Event: 7.341 Thread 0x000001d1182df3b0 DEOPT PACKING pc=0x000001d12ab380d4 sp=0x000000cdb4afd3f0
Event: 7.341 Thread 0x000001d1182df3b0 DEOPT UNPACKING pc=0x000001d12a5e5c82 sp=0x000000cdb4afd3c0 mode 2
Event: 8.405 Thread 0x000001d1182df3b0 Uncommon trap: trap_request=0xffffff66 fr.pc=0x000001d12ab380d4 relative=0x00000000000004f4
Event: 8.405 Thread 0x000001d1182df3b0 Uncommon trap: reason=speculate_class_check action=maybe_recompile pc=0x000001d12ab380d4 method=java.lang.String.<init>(Ljava/lang/AbstractStringBuilder;Ljava/lang/Void;)V @ 10 c2
Event: 8.405 Thread 0x000001d1182df3b0 DEOPT PACKING pc=0x000001d12ab380d4 sp=0x000000cdb4afd330
Event: 8.405 Thread 0x000001d1182df3b0 DEOPT UNPACKING pc=0x000001d12a5e5c82 sp=0x000000cdb4afd300 mode 2
Event: 8.434 Thread 0x000001d1182df3b0 Uncommon trap: trap_request=0xffffff66 fr.pc=0x000001d12ab380d4 relative=0x00000000000004f4
Event: 8.434 Thread 0x000001d1182df3b0 Uncommon trap: reason=speculate_class_check action=maybe_recompile pc=0x000001d12ab380d4 method=java.lang.String.<init>(Ljava/lang/AbstractStringBuilder;Ljava/lang/Void;)V @ 10 c2
Event: 8.434 Thread 0x000001d1182df3b0 DEOPT PACKING pc=0x000001d12ab380d4 sp=0x000000cdb4afd050
Event: 8.434 Thread 0x000001d1182df3b0 DEOPT UNPACKING pc=0x000001d12a5e5c82 sp=0x000000cdb4afd020 mode 2

Classes loaded (20 events):
Event: 9.289 Loading class org/openqa/selenium/remote/WebElementToJsonConverter
Event: 9.289 Loading class org/openqa/selenium/remote/WebElementToJsonConverter done
Event: 9.391 Loading class org/openqa/selenium/support/ui/WebDriverWait
Event: 9.391 Loading class org/openqa/selenium/support/ui/WebDriverWait done
Event: 9.392 Loading class org/openqa/selenium/support/ui/FluentWait
Event: 9.392 Loading class org/openqa/selenium/support/ui/FluentWait done
Event: 9.393 Loading class org/openqa/selenium/support/ui/Sleeper
Event: 9.393 Loading class org/openqa/selenium/support/ui/Sleeper done
Event: 9.394 Loading class org/openqa/selenium/support/ui/Sleeper
Event: 9.394 Loading class org/openqa/selenium/support/ui/Sleeper done
Event: 9.396 Loading class org/openqa/selenium/WebElement
Event: 9.396 Loading class org/openqa/selenium/WebElement done
Event: 9.396 Loading class org/openqa/selenium/WebElement
Event: 9.396 Loading class org/openqa/selenium/WebElement done
Event: 9.396 Loading class org/openqa/selenium/WebDriver
Event: 9.396 Loading class org/openqa/selenium/WebDriver done
Event: 9.430 Loading class org/openqa/selenium/remote/codec/w3c/W3CHttpCommandCodec
Event: 9.430 Loading class org/openqa/selenium/remote/codec/w3c/W3CHttpCommandCodec done
Event: 9.433 Loading class org/openqa/selenium/remote/ShadowRoot
Event: 9.433 Loading class org/openqa/selenium/remote/ShadowRoot done

Classes unloaded (0 events):
No events

Classes redefined (1 events):
Event: 0.591 Thread 0x000001d136d189a0 redefined class name=java.lang.Throwable, count=1

Internal exceptions (20 events):
Event: 4.707 Thread 0x000001d1182df3b0 Exception <a 'java/lang/NoSuchMethodError'{0x00000000893d2a58}: 'java.lang.Object java.lang.invoke.DirectMethodHandle$Holder.newInvokeSpecial(java.lang.Object, long)'> (0x00000000893d2a58) 
thrown [s\open\src\hotspot\share\interpreter\linkResolver.cpp, line 805]
Event: 4.709 Thread 0x000001d1182df3b0 Exception <a 'java/lang/NoSuchMethodError'{0x00000000893de978}: 'java.lang.Object java.lang.invoke.DirectMethodHandle$Holder.invokeStatic(java.lang.Object, long, java.lang.Object)'> (0x00000000893de978) 
thrown [s\open\src\hotspot\share\interpreter\linkResolver.cpp, line 805]
Event: 4.710 Thread 0x000001d1182df3b0 Exception <a 'java/lang/NoSuchMethodError'{0x00000000893e6d60}: 'java.lang.Object java.lang.invoke.DirectMethodHandle$Holder.invokeStaticInit(java.lang.Object, long, java.lang.Object)'> (0x00000000893e6d60) 
thrown [s\open\src\hotspot\share\interpreter\linkResolver.cpp, line 805]
Event: 4.741 Thread 0x000001d17d937020 Exception <a 'java/net/ConnectException'{0x00000000891ee3e0}: Connection refused: getsockopt> (0x00000000891ee3e0) 
thrown [s\open\src\hotspot\share\prims\jni.cpp, line 536]
Event: 4.754 Thread 0x000001d17d937020 Exception <a 'java/net/ConnectException'{0x00000000891f0e70}: Connection refused: getsockopt> (0x00000000891f0e70) 
thrown [s\open\src\hotspot\share\prims\jni.cpp, line 536]
Event: 4.776 Thread 0x000001d17d937020 Exception <a 'java/net/ConnectException'{0x00000000891f1df0}: Connection refused: getsockopt> (0x00000000891f1df0) 
thrown [s\open\src\hotspot\share\prims\jni.cpp, line 536]
Event: 4.844 Thread 0x000001d1182df3b0 Exception <a 'java/lang/NoSuchMethodError'{0x00000000890cb4f8}: 'double java.lang.invoke.DirectMethodHandle$Holder.invokeVirtual(java.lang.Object, java.lang.Object)'> (0x00000000890cb4f8) 
thrown [s\open\src\hotspot\share\interpreter\linkResolver.cpp, line 805]
Event: 4.846 Thread 0x000001d1182df3b0 Exception <a 'java/lang/NoSuchMethodError'{0x00000000890db048}: 'float java.lang.invoke.DirectMethodHandle$Holder.invokeVirtual(java.lang.Object, java.lang.Object)'> (0x00000000890db048) 
thrown [s\open\src\hotspot\share\interpreter\linkResolver.cpp, line 805]
Event: 4.847 Thread 0x000001d1182df3b0 Exception <a 'java/lang/NoSuchMethodError'{0x00000000890f1fb0}: 'long java.lang.invoke.DirectMethodHandle$Holder.invokeVirtual(java.lang.Object, java.lang.Object)'> (0x00000000890f1fb0) 
thrown [s\open\src\hotspot\share\interpreter\linkResolver.cpp, line 805]
Event: 4.896 Thread 0x000001d1182df3b0 Exception <a 'java/lang/NoSuchMethodError'{0x0000000088d34150}: 'java.lang.Object java.lang.invoke.DirectMethodHandle$Holder.newInvokeSpecial(java.lang.Object, java.lang.Object, int, int)'> (0x0000000088d34150) 
thrown [s\open\src\hotspot\share\interpreter\linkResolver.cpp, line 805]
Event: 4.898 Thread 0x000001d1182df3b0 Exception <a 'java/lang/NoSuchMethodError'{0x0000000088d44de0}: 'void java.lang.invoke.DirectMethodHandle$Holder.invokeStatic(java.lang.Object, java.lang.Object, int)'> (0x0000000088d44de0) 
thrown [s\open\src\hotspot\share\interpreter\linkResolver.cpp, line 805]
Event: 4.961 Thread 0x000001d17dffa670 Exception <a 'java/lang/NoSuchMethodError'{0x0000000088b4b418}: 'void java.lang.invoke.DirectMethodHandle$Holder.invokeStatic(java.lang.Object, java.lang.Object, java.lang.Object, java.lang.Object, java.lang.Object, java.lang.Object, java.lang.Object)'> (0x0000000088b4b418) 
thrown [s\open\src\hotspot\share\interpreter\linkResolver.cpp, line 805]
Event: 4.993 Thread 0x000001d17dffa670 Exception <a 'java/lang/NoSuchMethodError'{0x0000000088a75018}: 'java.lang.Object java.lang.invoke.DirectMethodHandle$Holder.invokeSpecial(java.lang.Object, java.lang.Object, java.lang.Object, java.lang.Object, java.lang.Object, int)'> (0x0000000088a75018) 
thrown [s\open\src\hotspot\share\interpreter\linkResolver.cpp, line 805]
Event: 5.073 Thread 0x000001d17dffa670 Exception <a 'java/lang/NoSuchMethodError'{0x0000000089c4a290}: 'long java.lang.invoke.DirectMethodHandle$Holder.invokeStatic(java.lang.Object, long, long)'> (0x0000000089c4a290) 
thrown [s\open\src\hotspot\share\interpreter\linkResolver.cpp, line 805]
Event: 5.082 Thread 0x000001d17d937ec0 Exception <a 'java/lang/NoSuchMethodError'{0x0000000089c76748}: 'int java.lang.invoke.DirectMethodHandle$Holder.invokeStatic(java.lang.Object, int, java.lang.Object)'> (0x0000000089c76748) 
thrown [s\open\src\hotspot\share\interpreter\linkResolver.cpp, line 805]
Event: 5.084 Thread 0x000001d17d937ec0 Exception <a 'java/lang/NoSuchMethodError'{0x0000000089c94ad8}: 'java.lang.Object java.lang.invoke.DirectMethodHandle$Holder.newInvokeSpecial(java.lang.Object, java.lang.Object, int)'> (0x0000000089c94ad8) 
thrown [s\open\src\hotspot\share\interpreter\linkResolver.cpp, line 805]
Event: 6.986 Thread 0x000001d1182df3b0 Exception <a 'java/lang/NoSuchMethodError'{0x00000000853a6f68}: 'java.lang.Object java.lang.invoke.DirectMethodHandle$Holder.invokeSpecialIFC(java.lang.Object, java.lang.Object, java.lang.Object)'> (0x00000000853a6f68) 
thrown [s\open\src\hotspot\share\interpreter\linkResolver.cpp, line 805]
Event: 8.353 Thread 0x000001d1182df3b0 Exception <a 'java/lang/NoSuchMethodError'{0x0000000084dd75c8}: 'void java.lang.invoke.Invokers$Holder.invokeExact_MT(java.lang.Object, java.lang.Object, java.lang.Object, java.lang.Object)'> (0x0000000084dd75c8) 
thrown [s\open\src\hotspot\share\interpreter\linkResolver.cpp, line 805]
Event: 8.809 Thread 0x000001d1182df3b0 Exception <a 'java/lang/NoSuchMethodError'{0x0000000084b9a010}: 'void java.lang.invoke.DirectMethodHandle$Holder.invokeInterface(java.lang.Object, java.lang.Object)'> (0x0000000084b9a010) 
thrown [s\open\src\hotspot\share\interpreter\linkResolver.cpp, line 805]
Event: 9.394 Thread 0x000001d1182df3b0 Exception <a 'java/lang/NoSuchMethodError'{0x0000000084a5ff18}: 'void java.lang.invoke.DirectMethodHandle$Holder.invokeStaticInit(java.lang.Object, java.lang.Object)'> (0x0000000084a5ff18) 
thrown [s\open\src\hotspot\share\interpreter\linkResolver.cpp, line 805]

VM Operations (20 events):
Event: 3.597 Executing VM operation: HandshakeAllThreads (Deoptimize)
Event: 3.597 Executing VM operation: HandshakeAllThreads (Deoptimize) done
Event: 3.749 Executing VM operation: HandshakeAllThreads (Deoptimize)
Event: 3.749 Executing VM operation: HandshakeAllThreads (Deoptimize) done
Event: 4.126 Executing VM operation: HandshakeAllThreads (Deoptimize)
Event: 4.127 Executing VM operation: HandshakeAllThreads (Deoptimize) done
Event: 4.337 Executing VM operation: G1CollectForAllocation (G1 Evacuation Pause)
Event: 4.362 Executing VM operation: G1CollectForAllocation (G1 Evacuation Pause) done
Event: 4.825 Executing VM operation: HandshakeAllThreads (Deoptimize)
Event: 4.825 Executing VM operation: HandshakeAllThreads (Deoptimize) done
Event: 5.002 Executing VM operation: CollectForMetadataAllocation (Metadata GC Threshold)
Event: 5.023 Executing VM operation: CollectForMetadataAllocation (Metadata GC Threshold) done
Event: 5.057 Executing VM operation: G1PauseRemark
Event: 5.061 Executing VM operation: G1PauseRemark done
Event: 5.078 Executing VM operation: G1PauseCleanup
Event: 5.078 Executing VM operation: G1PauseCleanup done
Event: 6.868 Executing VM operation: HandshakeAllThreads (Deoptimize)
Event: 6.869 Executing VM operation: HandshakeAllThreads (Deoptimize) done
Event: 6.878 Executing VM operation: HandshakeAllThreads (Deoptimize)
Event: 6.878 Executing VM operation: HandshakeAllThreads (Deoptimize) done

Memory protections (0 events):
No events

Nmethod flushes (0 events):
No events

Events (20 events):
Event: 4.363 Thread 0x000001d17d8278f0 Thread exited: 0x000001d17d8278f0
Event: 4.390 Thread 0x000001d1182df3b0 Thread added: 0x000001d17d937770
Event: 4.507 Thread 0x000001d136d72a40 Thread added: 0x000001d17da144a0
Event: 4.642 Thread 0x000001d1182df3b0 Thread added: 0x000001d17d937ec0
Event: 4.713 Thread 0x000001d1182df3b0 Thread added: 0x000001d17d936180
Event: 4.716 Thread 0x000001d17da144a0 Thread exited: 0x000001d17da144a0
Event: 4.718 Thread 0x000001d1182df3b0 Thread added: 0x000001d17d938610
Event: 4.719 Thread 0x000001d1182df3b0 Thread added: 0x000001d17d935a30
Event: 4.727 Thread 0x000001d17d938610 Thread added: 0x000001d17d937020
Event: 4.824 Thread 0x000001d17d937020 Thread added: 0x000001d17dffc3b0
Event: 4.947 Thread 0x000001d1182df3b0 Thread added: 0x000001d17dffa670
Event: 4.952 Thread 0x000001d1182df3b0 Thread added: 0x000001d17dffd250
Event: 5.087 Thread 0x000001d17d937ec0 Thread added: 0x000001d17dffd9a0
Event: 5.090 Thread 0x000001d17d937ec0 Thread added: 0x000001d17dffe0f0
Event: 5.090 Thread 0x000001d17d937ec0 Thread added: 0x000001d17dffadc0
Event: 7.100 Thread 0x000001d1182df3b0 Thread added: 0x000001d17dffe840
Event: 7.104 Thread 0x000001d1182df3b0 Thread added: 0x000001d17dffb510
Event: 7.115 Thread 0x000001d17dffe840 Thread added: 0x000001d17dfffe30
Event: 7.122 Thread 0x000001d17dffe840 Thread added: 0x000001d17dffef90
Event: 7.122 Thread 0x000001d17dffe840 Thread added: 0x000001d17e001b70


Dynamic libraries:
0x00007ff7dabd0000 - 0x00007ff7dabde000 	C:\Users\Felipe\.jdks\openjdk-24.0.2+12-54\bin\java.exe
0x00007ffacfae0000 - 0x00007ffacfd48000 	C:\WINDOWS\SYSTEM32\ntdll.dll
0x00007fface970000 - 0x00007ffacea39000 	C:\WINDOWS\System32\KERNEL32.DLL
0x00007ffaccc30000 - 0x00007ffacd028000 	C:\WINDOWS\System32\KERNELBASE.dll
0x00007ffacd110000 - 0x00007ffacd25b000 	C:\WINDOWS\System32\ucrtbase.dll
0x00007ffac4d00000 - 0x00007ffac4d16000 	C:\Users\Felipe\.jdks\openjdk-24.0.2+12-54\bin\jli.dll
0x00007fface5d0000 - 0x00007fface797000 	C:\WINDOWS\System32\USER32.dll
0x00007ffacd030000 - 0x00007ffacd057000 	C:\WINDOWS\System32\win32u.dll
0x00007ffacdaa0000 - 0x00007ffacdacb000 	C:\WINDOWS\System32\GDI32.dll
0x00007ffac4230000 - 0x00007ffac424b000 	C:\Users\Felipe\.jdks\openjdk-24.0.2+12-54\bin\VCRUNTIME140.dll
0x00007ffacd750000 - 0x00007ffacd87c000 	C:\WINDOWS\System32\gdi32full.dll
0x00007ffacd060000 - 0x00007ffacd103000 	C:\WINDOWS\System32\msvcp_win.dll
0x00007ffab8e70000 - 0x00007ffab9104000 	C:\WINDOWS\WinSxS\amd64_microsoft.windows.common-controls_6595b64144ccf1df_6.0.26100.7019_none_3e06ffa0e335b8a8\COMCTL32.dll
0x00007ffacdd70000 - 0x00007ffacde19000 	C:\WINDOWS\System32\msvcrt.dll
0x00007fface930000 - 0x00007fface961000 	C:\WINDOWS\System32\IMM32.DLL
0x00007ffac50c0000 - 0x00007ffac50cc000 	C:\Users\Felipe\.jdks\openjdk-24.0.2+12-54\bin\vcruntime140_1.dll
0x00007ffab0410000 - 0x00007ffab049e000 	C:\Users\Felipe\.jdks\openjdk-24.0.2+12-54\bin\msvcp140.dll
0x00007ffa8c240000 - 0x00007ffa8cfe1000 	C:\Users\Felipe\.jdks\openjdk-24.0.2+12-54\bin\server\jvm.dll
0x00007ffacf190000 - 0x00007ffacf244000 	C:\WINDOWS\System32\ADVAPI32.dll
0x00007ffacd880000 - 0x00007ffacd926000 	C:\WINDOWS\System32\sechost.dll
0x00007ffacf250000 - 0x00007ffacf368000 	C:\WINDOWS\System32\RPCRT4.dll
0x00007ffacef70000 - 0x00007ffacefe4000 	C:\WINDOWS\System32\WS2_32.dll
0x00007ffacca90000 - 0x00007ffaccaee000 	C:\WINDOWS\SYSTEM32\POWRPROF.dll
0x00007ffac10f0000 - 0x00007ffac1125000 	C:\WINDOWS\SYSTEM32\WINMM.dll
0x00007ffac0600000 - 0x00007ffac060b000 	C:\WINDOWS\SYSTEM32\VERSION.dll
0x00007ffacca70000 - 0x00007ffacca84000 	C:\WINDOWS\SYSTEM32\UMPDC.dll
0x00007ffacb9f0000 - 0x00007ffacba0b000 	C:\WINDOWS\SYSTEM32\kernel.appcore.dll
0x00007ffac4660000 - 0x00007ffac466a000 	C:\Users\Felipe\.jdks\openjdk-24.0.2+12-54\bin\jimage.dll
0x00007ffaaacb0000 - 0x00007ffaaaef2000 	C:\WINDOWS\SYSTEM32\DBGHELP.DLL
0x00007ffacf370000 - 0x00007ffacf6fb000 	C:\WINDOWS\System32\combase.dll
0x00007ffaceff0000 - 0x00007ffacf0c7000 	C:\WINDOWS\System32\OLEAUT32.dll
0x00007ffab4e60000 - 0x00007ffab4e9c000 	C:\WINDOWS\SYSTEM32\dbgcore.DLL
0x00007ffacd610000 - 0x00007ffacd6b5000 	C:\WINDOWS\System32\bcryptPrimitives.dll
0x00007ffac4220000 - 0x00007ffac422f000 	C:\Users\Felipe\.jdks\openjdk-24.0.2+12-54\bin\instrument.dll
0x00007ffac0460000 - 0x00007ffac047e000 	C:\Users\Felipe\.jdks\openjdk-24.0.2+12-54\bin\java.dll
0x00007ffacf780000 - 0x00007ffacf917000 	C:\WINDOWS\System32\ole32.dll
0x00007ffacde70000 - 0x00007fface5c1000 	C:\WINDOWS\System32\SHELL32.dll
0x00007ffacd260000 - 0x00007ffacd3cb000 	C:\WINDOWS\System32\wintypes.dll
0x00007ffabeae0000 - 0x00007ffabeaf7000 	C:\Users\Felipe\.jdks\openjdk-24.0.2+12-54\bin\zip.dll
0x00007ffaca890000 - 0x00007ffacb0ed000 	C:\WINDOWS\SYSTEM32\windows.storage.dll
0x00007ffacd930000 - 0x00007ffacda22000 	C:\WINDOWS\System32\SHCORE.dll
0x00007ffacdaf0000 - 0x00007ffacdb57000 	C:\WINDOWS\System32\shlwapi.dll
0x00007ffaccb50000 - 0x00007ffaccb79000 	C:\WINDOWS\SYSTEM32\profapi.dll
0x00007ffaa7af0000 - 0x00007ffaa7bc7000 	C:\Users\Felipe\.jdks\openjdk-24.0.2+12-54\bin\jsvml.dll
0x00007ffac2630000 - 0x00007ffac2640000 	C:\Users\Felipe\.jdks\openjdk-24.0.2+12-54\bin\net.dll
0x00007ffacbf60000 - 0x00007ffacbfcb000 	C:\WINDOWS\system32\mswsock.dll
0x00007ffabeac0000 - 0x00007ffabead6000 	C:\Users\Felipe\.jdks\openjdk-24.0.2+12-54\bin\nio.dll
0x00007ffac0450000 - 0x00007ffac0459000 	C:\Users\Felipe\.jdks\openjdk-24.0.2+12-54\bin\extnet.dll
0x00007ffabf6a0000 - 0x00007ffabf6b0000 	C:\Users\Felipe\.jdks\openjdk-24.0.2+12-54\bin\verify.dll
0x00007ffacc220000 - 0x00007ffacc23b000 	C:\WINDOWS\SYSTEM32\CRYPTSP.dll
0x00007ffacb950000 - 0x00007ffacb98a000 	C:\WINDOWS\system32\rsaenh.dll
0x00007ffacc010000 - 0x00007ffacc03b000 	C:\WINDOWS\SYSTEM32\USERENV.dll
0x00007ffaccb20000 - 0x00007ffaccb4a000 	C:\WINDOWS\SYSTEM32\bcrypt.dll
0x00007ffacc240000 - 0x00007ffacc24c000 	C:\WINDOWS\SYSTEM32\CRYPTBASE.dll
0x00007ffacb400000 - 0x00007ffacb434000 	C:\WINDOWS\SYSTEM32\IPHLPAPI.DLL
0x00007ffacda30000 - 0x00007ffacda3a000 	C:\WINDOWS\System32\NSI.dll
0x00007ffacb490000 - 0x00007ffacb5bc000 	C:\WINDOWS\SYSTEM32\DNSAPI.dll
0x00007ffabe880000 - 0x00007ffabe88b000 	C:\Windows\System32\rasadhlp.dll
0x00007ffac02e0000 - 0x00007ffac0366000 	C:\WINDOWS\System32\fwpuclnt.dll
0x00007ffabf410000 - 0x00007ffabf41a000 	C:\Users\Felipe\.jdks\openjdk-24.0.2+12-54\bin\management.dll
0x00007ffabea10000 - 0x00007ffabea1b000 	C:\Users\Felipe\.jdks\openjdk-24.0.2+12-54\bin\management_ext.dll
0x00007ffacf920000 - 0x00007ffacf928000 	C:\WINDOWS\System32\PSAPI.DLL
0x00007ffabf470000 - 0x00007ffabf47e000 	C:\Users\Felipe\.jdks\openjdk-24.0.2+12-54\bin\sunmscapi.dll
0x00007ffacd490000 - 0x00007ffacd607000 	C:\WINDOWS\System32\CRYPT32.dll
0x00007ffacc440000 - 0x00007ffacc470000 	C:\WINDOWS\SYSTEM32\ncrypt.dll
0x00007ffacc3f0000 - 0x00007ffacc42f000 	C:\WINDOWS\SYSTEM32\NTASN1.dll
0x00007ffac4cf0000 - 0x00007ffac4cf8000 	C:\WINDOWS\system32\wshunix.dll

JVMTI agents:
C:\Users\Felipe\AppData\Local\JetBrains\IdeaIC2025.1\captureAgent\debugger-agent.jar path:C:\Users\Felipe\.jdks\openjdk-24.0.2+12-54\bin\instrument.dll, loaded, initialized, instrumentlib options:file:///C:/Users/Felipe/AppData/Local/Temp/capture12679970058167492699.props
C:\Program Files\JetBrains\IntelliJ IDEA Community Edition 2025.1.1.1\lib\idea_rt.jar path:C:\Users\Felipe\.jdks\openjdk-24.0.2+12-54\bin\instrument.dll, loaded, initialized, instrumentlib options:61964

dbghelp: loaded successfully - version: 4.0.5 - missing functions: none
symbol engine: initialized successfully - sym options: 0x614 - pdb path: .;C:\Users\Felipe\.jdks\openjdk-24.0.2+12-54\bin;C:\WINDOWS\SYSTEM32;C:\WINDOWS\WinSxS\amd64_microsoft.windows.common-controls_6595b64144ccf1df_6.0.26100.7019_none_3e06ffa0e335b8a8;C:\Users\Felipe\.jdks\openjdk-24.0.2+12-54\bin\server

VM Arguments:
jvm_args: -javaagent:C:\Users\Felipe\AppData\Local\JetBrains\IdeaIC2025.1\captureAgent\debugger-agent.jar=file:///C:/Users/Felipe/AppData/Local/Temp/capture12679970058167492699.props -ea -DnodeNamesHandler=org.jetbrains.plugins.cucumber.java.run.CucumberTestTreeNodeManager -Didea.test.cyclic.buffer.size=1048576 -javaagent:C:\Program Files\JetBrains\IntelliJ IDEA Community Edition 2025.1.1.1\lib\idea_rt.jar=61964 -Dkotlinx.coroutines.debug.enable.creation.stack.trace=false -Ddebugger.agent.enable.coroutines=true -Dkotlinx.coroutines.debug.enable.flows.stack.trace=true -Dkotlinx.coroutines.debug.enable.mutable.state.flows.stack.trace=true -Dfile.encoding=UTF-8 -Dsun.stdout.encoding=UTF-8 -Dsun.stderr.encoding=UTF-8 
java_command: com.intellij.rt.junit.JUnitStarter -ideVersion5 runner.RunnerTest
java_class_path (initial): C:\Program Files\JetBrains\IntelliJ IDEA Community Edition 2025.1.1.1\lib\idea_rt.jar;C:\Program Files\JetBrains\IntelliJ IDEA Community Edition 2025.1.1.1\plugins\junit\lib\junit5-rt.jar;C:\Program Files\JetBrains\IntelliJ IDEA Community Edition 2025.1.1.1\plugins\junit\lib\junit-rt.jar;C:\Users\Felipe\Desktop\AUTOMATIZANDO OC\target\test-classes;C:\Users\Felipe\Desktop\AUTOMATIZANDO OC\target\classes;C:\Users\Felipe\.m2\repository\org\seleniumhq\selenium\selenium-java\4.38.0\selenium-java-4.38.0.jar;C:\Users\Felipe\.m2\repository\org\seleniumhq\selenium\selenium-api\4.38.0\selenium-api-4.38.0.jar;C:\Users\Felipe\.m2\repository\org\jspecify\jspecify\1.0.0\jspecify-1.0.0.jar;C:\Users\Felipe\.m2\repository\org\seleniumhq\selenium\selenium-chrome-driver\4.38.0\selenium-chrome-driver-4.38.0.jar;C:\Users\Felipe\.m2\repository\com\google\auto\service\auto-service-annotations\1.1.1\auto-service-annotations-1.1.1.jar;C:\Users\Felipe\.m2\repository\org\seleniumhq\selenium\selenium-chromium-driver\4.38.0\selenium-chromium-driver-4.38.0.jar;C:\Users\Felipe\.m2\repository\org\seleniumhq\selenium\selenium-json\4.38.0\selenium-json-4.38.0.jar;C:\Users\Felipe\.m2\repository\org\seleniumhq\selenium\selenium-manager\4.38.0\selenium-manager-4.38.0.jar;C:\Users\Felipe\.m2\repository\org\seleniumhq\selenium\selenium-devtools-v140\4.38.0\selenium-devtools-v140-4.38.0.jar;C:\Users\Felipe\.m2\repository\org\seleniumhq\selenium\selenium-devtools-v141\4.38.0\selenium-devtools-v141-4.38.0.jar;C:\Users\Felipe\.m2\repository\org\seleniumhq\selenium\selenium-devtools-v142\4.38.0\selenium-devtools-v142-4.38.0.jar;C:\Users\Felipe\.m2\repository\org\seleniumhq\selenium\selenium-edge-driver\4.38.0\selenium-edge-driver-4.38.0.jar;C:\Users\Felipe\.m2\repository\org\seleniumhq\selenium\selenium-firefox-driver\4.38.0\selenium-firefox-driver-4.38.0.jar;C:\Users\Felipe\.m2\repository\org\seleniumhq\selenium\selenium-http\4.38.0\selenium-http-4.38.0.jar;C:\Users\Felipe\.m2\repository\org\seleniumhq\selenium\selenium-ie-driver\4.38.0\selenium-ie-driver-4.38.0.jar;C:\Users\Felipe\.m2\repository\org\seleniumhq\selenium\selenium-remote-driver\4.38.0\selenium-remote-driver-4.38.0.jar;C:\Users\Felipe\.m2\repository\com\google\guava\guava\33.5.0-jre\guava-33.5.0-jre.jar;C:\Users\Felipe\.m2\repository\com\google\guava\failureaccess\1.0.3\failureaccess-1.0.3.jar;C:\Users\Felipe\.m2\repository\com\google\guava\listenablefuture\9999.0-empty-to-avoid-conflict-with-guava\listenablefuture-9999.0-empty-to-avoid-conflict-with-guava.jar;C:\Users\Felipe\.m2\repository\com\google\j2objc\j2objc-annotations\3.1\j2objc-annotations-3.1.jar;C:\Users\Felipe\.m2\repository\io\opentelemetry\opentelemetry-api\1.55.0\opentelemetry-api-1.55.0.jar;C:\Users\Felipe\.m2\repository\io\opentelemetry\opentelemetry-context\1.55.0\opentelemetry-context-1.55.0.jar;C:\Users\Felipe\.m2\repository\io\opentelemetry\opentelemetry-common\1.55.0\opentelemetry-common-1.55.0.jar;C:\Users\Felipe\.m2\repository\io\opentelemetry\opentelemetry-exporter-logging\1.55.0\opentelemetry-exporter-logging-1.55.0.jar;C:\Users\Felipe\.m2\repository\io\opentelemetry\opentelemetry-sdk-common\1.55.0\opentelemetry-sdk-common-1.55.0.jar;C:\Users\Felipe\.m2\repository\io\opentelemetry\opentelemetry-sdk-extension-autoconfigure-spi\1.55.0\opentelemetry-sdk-extension-autoconfigure-spi-1.55.0.jar;C:\Users\Felipe\.m2\repository\io\opentelemetry\opentelemetry-sdk-extension-autoconfigure\1.55.0\opentelemetry-sdk-extension-autoconfigure-1.55.0.jar;C:\Users\Felipe\.m2\repository\io\opentelemetry\opentelemetry-sdk-trace\1.55.0\opentelemetry-sdk-trace-1.55.0.jar;C:\Users\Felipe\.m2\repository\io\opentelemetry\opentelemetry-sdk\1.55.0\opentelemetry-sdk-1.55.0.jar;C:\Users\Felipe\.m2\repository\io\opentelemetry\opentelemetry-sdk-metrics\1.55.0\opentelemetry-sdk-metrics-1.55.0.jar;C:\Users\Felipe\.m2\repository\io\opentelemetry\opentelemetry-sdk-logs\1.55.0\opentelemetry-sdk-logs-1.55.0.jar;C:\Users\Felipe\.m2\repository\net\bytebuddy\byte-buddy\1.17.8\byte-buddy-1.17.8.jar;C:\Users\Felipe\.m2\repository\org\seleniumhq\selenium\selenium-os\4.38.0\selenium-os-4.38.0.jar;C:\Users\Felipe\.m2\repository\org\apache\commons\commons-exec\1.5.0\commons-exec-1.5.0.jar;C:\Users\Felipe\.m2\repository\org\seleniumhq\selenium\selenium-safari-driver\4.38.0\selenium-safari-driver-4.38.0.jar;C:\Users\Felipe\.m2\repository\org\seleniumhq\selenium\selenium-support\4.38.0\selenium-support-4.38.0.jar;C:\Users\Felipe\.m2\repository\io\github\bonigarcia\webdrivermanager\6.3.2\webdrivermanager-6.3.2.jar;C:\Users\Felipe\.m2\repository\org\slf4j\slf4j-api\2.0.17\slf4j-api-2.0.17.jar;C:\Users\Felipe\.m2\repository\com\google\code\gson\gson\2.13.2\gson-2.13.2.jar;C:\Users\Felipe\.m2\repository\com\google\errorprone\error_prone_annotations\2.41.0\error_prone_annotations-2.41.0.jar;C:\Users\Felipe\.m2\repository\com\github\docker-java\docker-java\3.6.0\docker-java-3.6.0.jar;C:\Users\Felipe\.m2\repository\com\github\docker-java\docker-java-core\3.6.0\docker-java-core-3.6.0.jar;C:\Users\Felipe\.m2\repository\com\github\docker-java\docker-java-api\3.6.0\docker-java-api-3.6.0.jar;C:\Users\Felipe\.m2\repository\com\fasterxml\jackson\core\jackson-annotations\2.19.2\jackson-annotations-2.19.2.jar;C:\Users\Felipe\.m2\repository\com\fasterxml\jackson\core\jackson-databind\2.19.2\jackson-databind-2.19.2.jar;C:\Users\Felipe\.m2\repository\com\fasterxml\jackson\core\jackson-core\2.19.2\jackson-core-2.19.2.jar;C:\Users\Felipe\.m2\repository\org\slf4j\jcl-over-slf4j\1.7.30\jcl-over-slf4j-1.7.30.jar;C:\Users\Felipe\.m2\repository\com\github\docker-java\docker-java-transport-httpclient5\3.6.0\docker-java-transport-httpclient5-3.6.0.jar;C:\Users\Felipe\.m2\repository\com\github\docker-java\docker-java-transport\3.6.0\docker-java-transport-3.6.0.jar;C:\Users\Felipe\.m2\repository\net\java\dev\jna\jna\5.17.0\jna-5.17.0.jar;C:\Users\Felipe\.m2\repository\org\brotli\dec\0.1.2\dec-0.1.2.jar;C:\Users\Felipe\.m2\repository\org\apache\commons\commons-lang3\3.18.0\commons-lang3-3.18.0.jar;C:\Users\Felipe\.m2\repository\org\apache\commons\commons-compress\1.28.0\commons-compress-1.28.0.jar;C:\Users\Felipe\.m2\repository\commons-codec\commons-codec\1.19.0\commons-codec-1.19.0.jar;C:\Users\Felipe\.m2\repository\commons-io\commons-io\2.20.0\commons-io-2.20.0.jar;C:\Users\Felipe\.m2\repository\org\apache\httpcomponents\client5\httpclient5\5.4.3\httpclient5-5.4.3.jar;C:\Users\Felipe\.m2\repository\org\apache\httpcomponents\core5\httpcore5\5.3.4\httpcore5-5.3.4.jar;C:\Users\Felipe\.m2\repository\org\apache\httpcomponents\core5\httpcore5-h2\5.3.4\httpcore5-h2-5.3.4.jar;C:\Users\Felipe\.m2\repository\io\cucumber\cucumber-java\7.30.0\cucumber-java-7.30.0.jar;C:\Users\Felipe\.m2\repository\io\cucumber\cucumber-core\7.30.0\cucumber-core-7.30.0.jar;C:\Users\Felipe\.m2\repository\io\cucumber\cucumber-gherkin\7.30.0\cucumber-gherkin-7.30.0.jar;C:\Users\Felipe\.m2\repository\io\cucumber\cucumber-gherkin-messages\7.30.0\cucumber-gherkin-messages-7.30.0.jar;C:\Users\Felipe\.m2\repository\io\cucumber\gherkin\35.1.0\gherkin-35.1.0.jar;C:\Users\Felipe\.m2\repository\org\assertj\assertj-core\3.27.5\assertj-core-3.27.5.jar;C:\Users\Felipe\.m2\repository\io\cucumber\messages\29.0.1\messages-29.0.1.jar;C:\Users\Felipe\.m2\repository\io\cucumber\pretty-formatter\2.3.0\pretty-formatter-2.3.0.jar;C:\Users\Felipe\.m2\repository\io\cucumber\query\14.6.0\query-14.6.0.jar;C:\Users\Felipe\.m2\repository\io\cucumber\teamcity-formatter\0.1.1\teamcity-formatter-0.1.1.jar;C:\Users\Felipe\.m2\repository\io\cucumber\testng-xml-formatter\0.6.0\testng-xml-formatter-0.6.0.jar;C:\Users\Felipe\.m2\repository\io\cucumber\tag-expressions\6.1.2\tag-expressions-6.1.2.jar;C:\Users\Felipe\.m2\repository\io\cucumber\cucumber-expressions\18.0.1\cucumber-expressions-18.0.1.jar;C:\Users\Felipe\.m2\repository\io\cucumber\cucumber-json-formatter\0.2.1\cucumber-json-formatter-0.2.1.jar;C:\Users\Felipe\.m2\repository\io\cucumber\datatable\7.30.0\datatable-7.30.0.jar;C:\Users\Felipe\.m2\repository\io\cucumber\cucumber-plugin\7.30.0\cucumber-plugin-7.30.0.jar;C:\Users\Felipe\.m2\repository\io\cucumber\docstring\7.30.0\docstring-7.30.0.jar;C:\Users\Felipe\.m2\repository\io\cucumber\html-formatter\21.15.1\html-formatter-21.15.1.jar;C:\Users\Felipe\.m2\repository\io\cucumber\junit-xml-formatter\0.9.0\junit-xml-formatter-0.9.0.jar;C:\Users\Felipe\.m2\repository\io\cucumber\ci-environment\10.0.1\ci-environment-10.0.1.jar;C:\Users\Felipe\.m2\repository\org\apiguardian\apiguardian-api\1.1.2\apiguardian-api-1.1.2.jar;C:\Users\Felipe\.m2\repository\io\cucumber\cucumber-junit\7.30.0\cucumber-junit-7.30.0.jar;C:\Users\Felipe\.m2\repository\junit\junit\4.13.2\junit-4.13.2.jar;C:\Users\Felipe\.m2\repository\org\hamcrest\hamcrest-core\1.3\hamcrest-core-1.3.jar;C:\Users\Felipe\AppData\Roaming\JetBrains\IdeaIC2025.1\plugins\cucumber-java\lib\cucumber-jvmFormatter.jar
Launcher Type: SUN_STANDARD

[Global flags]
     intx CICompilerCount                          = 3                                         {product} {ergonomic}
     uint ConcGCThreads                            = 1                                         {product} {ergonomic}
     uint G1ConcRefinementThreads                  = 4                                         {product} {ergonomic}
   size_t G1HeapRegionSize                         = 1048576                                   {product} {ergonomic}
   size_t InitialHeapSize                          = 134217728                                 {product} {ergonomic}
   size_t MarkStackSize                            = 4194304                                   {product} {ergonomic}
   size_t MarkStackSizeMax                         = 536870912                                 {product} {ergonomic}
   size_t MaxHeapSize                              = 2116026368                                {product} {ergonomic}
   size_t MaxNewSize                               = 1268776960                                {product} {ergonomic}
   size_t MinHeapDeltaBytes                        = 1048576                                   {product} {ergonomic}
   size_t MinHeapSize                              = 8388608                                   {product} {ergonomic}
    uintx NonNMethodCodeHeapSize                   = 5832704                                {pd product} {ergonomic}
    uintx NonProfiledCodeHeapSize                  = 122945536                              {pd product} {ergonomic}
    uintx ProfiledCodeHeapSize                     = 122880000                              {pd product} {ergonomic}
    uintx ReservedCodeCacheSize                    = 251658240                              {pd product} {ergonomic}
     bool SegmentedCodeCache                       = true                                      {product} {ergonomic}
   size_t SoftMaxHeapSize                          = 2116026368                             {manageable} {ergonomic}
     bool UseCompressedOops                        = true                           {product lp64_product} {ergonomic}
     bool UseG1GC                                  = true                                      {product} {ergonomic}
     bool UseLargePagesIndividualAllocation        = false                                  {pd product} {ergonomic}

Logging:
Log output configuration:
 #0: stdout all=warning uptime,level,tags foldmultilines=false
 #1: stderr all=off uptime,level,tags foldmultilines=false

Environment Variables:
PATH=C:\Program Files\Common Files\Oracle\Java\javapath;C:\Program Files (x86)\Common Files\Oracle\Java\javapath;C:\WINDOWS\system32;C:\WINDOWS;C:\WINDOWS\System32\Wbem;C:\WINDOWS\System32\WindowsPowerShell\v1.0\;C:\WINDOWS\System32\OpenSSH\;C:\ProgramData\chocolatey\bin;C:\Program Files (x86)\Microsoft SQL Server\150\DTS\Binn\;C:\Program Files\TortoiseSVN\bin;C:\Program Files\Git\cmd;C:\Program Files\Git\git-bash.exe;C:\Program Files\Java\jdk-21\bin;C:\Users\Felipe\AppData\Local\Microsoft\WindowsApps;;C:\Program Files\JetBrains\IntelliJ IDEA Community Edition 2025.1.1.1\bin;
USERNAME=Felipe
OS=Windows_NT
PROCESSOR_IDENTIFIER=Intel64 Family 6 Model 78 Stepping 3, GenuineIntel
TMP=C:\Users\Felipe\AppData\Local\Temp
TEMP=C:\Users\Felipe\AppData\Local\Temp




Periodic native trim disabled

---------------  S Y S T E M  ---------------

OS:
 Windows 11 , 64 bit Build 26100 (10.0.26100.7019)
OS uptime: 3 days 6:49 hours

CPU: total 4 (initial active 4) (2 cores per cpu, 2 threads per core) family 6 model 78 stepping 3 microcode 0xd6, cx8, cmov, fxsr, ht, mmx, 3dnowpref, sse, sse2, sse3, ssse3, sse4.1, sse4.2, popcnt, lzcnt, tsc, tscinvbit, avx, avx2, aes, erms, clmul, bmi1, bmi2, adx, fma, vzeroupper, clflush, clflushopt, rdtscp, f16c
Processor Information for the first 4 processors :
  Max Mhz: 1992, Current Mhz: 1992, Mhz Limit: 1992

Memory: 4k page, system-wide physical 8067M (853M free)
TotalPageFile size 9091M (AvailPageFile size 83M)
current process WorkingSet (physical memory assigned to process): 141M, peak: 182M
current process commit charge ("private bytes"): 199M, peak: 268M

vm_info: OpenJDK 64-Bit Server VM (24.0.2+12-54) for windows-amd64 JRE (24.0.2+12-54), built on 2025-07-08T12:10:27Z with MS VC++ 17.6 (VS2022)

END.
